#
# There is insufficient memory for the Java Runtime Environment to continue.
# Native memory allocation (malloc) failed to allocate 1199456 bytes. Error detail: Chunk::new
# Possible reasons:
#   The system is out of physical RAM or swap space
#   This process is running with CompressedOops enabled, and the Java Heap may be blocking the growth of the native heap
# Possible solutions:
#   Reduce memory load on the system
#   Increase physical memory or swap space
#   Check if swap backing store is full
#   Decrease Java heap size (-Xmx/-Xms)
#   Decrease number of Java threads
#   Decrease Java thread stack sizes (-Xss)
#   Set larger code cache with -XX:ReservedCodeCacheSize=
#   JVM is running with Unscaled Compressed Oops mode in which the Java heap is
#     placed in the first 4GB address space. The Java Heap base address is the
#     maximum limit for the native heap growth. Please use -XX:HeapBaseMinAddress
#     to set the Java Heap base and to place the Java Heap above 4GB virtual address.
# This output file may be truncated or incomplete.
#
#  Out of Memory Error (arena.cpp:168), pid=20952, tid=23200
#
# JRE version: OpenJDK Runtime Environment (21.0.8) (build 21.0.8+-14196175-b1038.72)
# Java VM: OpenJDK 64-Bit Server VM (21.0.8+-14196175-b1038.72, mixed mode, tiered, compressed oops, compressed class ptrs, g1 gc, windows-amd64)
# No core dump will be written. Minidumps are not enabled by default on client versions of Windows
#

---------------  S U M M A R Y ------------

Command Line: --add-opens=java.base/java.lang=ALL-UNNAMED --add-opens=java.base/java.lang.invoke=ALL-UNNAMED --add-opens=java.base/java.util=ALL-UNNAMED --add-opens=java.prefs/java.util.prefs=ALL-UNNAMED --add-exports=jdk.compiler/com.sun.tools.javac.api=ALL-UNNAMED --add-exports=jdk.compiler/com.sun.tools.javac.util=ALL-UNNAMED --add-opens=java.base/java.util=ALL-UNNAMED --add-opens=java.prefs/java.util.prefs=ALL-UNNAMED --add-opens=java.base/java.nio.charset=ALL-UNNAMED --add-opens=java.base/java.net=ALL-UNNAMED --add-opens=java.base/java.util.concurrent.atomic=ALL-UNNAMED --add-opens=java.xml/javax.xml.namespace=ALL-UNNAMED -Xmx2048m -Dfile.encoding=UTF-8 -Duser.country=IN -Duser.language=en -Duser.variant -javaagent:C:\Users\Tejash\.gradle\wrapper\dists\gradle-8.13-bin\5xuhj0ry160q40clulazy9h7d\gradle-8.13\lib\agents\gradle-instrumentation-agent-8.13.jar org.gradle.launcher.daemon.bootstrap.GradleDaemon 8.13

Host: AMD Ryzen 3 3200U with Radeon Vega Mobile Gfx  , 4 cores, 5G,  Windows 11 , 64 bit Build 26100 (10.0.26100.8521)
Time: Mon Jun 22 17:57:31 2026 India Standard Time elapsed time: 42.875824 seconds (0d 0h 0m 42s)

---------------  T H R E A D  ---------------

Current thread (0x0000025628780cc0):  JavaThread "C2 CompilerThread0" daemon [_thread_in_native, id=23200, stack(0x000000cbeb500000,0x000000cbeb600000) (1024K)]


Current CompileTask:
C2:42876 9179 %     4       org.gradle.internal.instantiation.generator.AbstractClassGenerator::inspectType @ 107 (602 bytes)

Stack: [0x000000cbeb500000,0x000000cbeb600000]
Native frames: (J=compiled Java code, j=interpreted, Vv=VM code, C=native code)
V  [jvm.dll+0x6d68d9]
V  [jvm.dll+0x866693]
V  [jvm.dll+0x868c4e]
V  [jvm.dll+0x869333]
V  [jvm.dll+0x280566]
V  [jvm.dll+0xc07cd]
V  [jvm.dll+0xc0d03]
V  [jvm.dll+0x2f5970]
V  [jvm.dll+0x5ff719]
V  [jvm.dll+0x252362]
V  [jvm.dll+0x24ab5d]
V  [jvm.dll+0x24871e]
V  [jvm.dll+0x1c73a4]
V  [jvm.dll+0x257f9e]
V  [jvm.dll+0x2564e6]
V  [jvm.dll+0x3f4696]
V  [jvm.dll+0x80eac8]
V  [jvm.dll+0x6d512d]
C  [ucrtbase.dll+0x2cd30]
C  [KERNEL32.DLL+0x2e957]
C  [ntdll.dll+0x87c1c]


---------------  P R O C E S S  ---------------

Threads class SMR info:
_java_thread_list=0x0000025611823ea0, length=57, elements={
0x000002560f3f57e0, 0x0000025628742e40, 0x0000025628752430, 0x0000025628753e80,
0x00000256287772b0, 0x000002562875d0a0, 0x000002562875ea70, 0x000002562877ff30,
0x0000025628780cc0, 0x00000256287822d0, 0x0000025628a4db40, 0x000002562e1b8060,
0x000002562e1ca620, 0x000002562eaaecb0, 0x000002562ead5300, 0x000002562ead22f0,
0x000002562ea44190, 0x000002562eac6f70, 0x000002562ea15870, 0x000002562ea172b0,
0x000002562ea16590, 0x000002562ea14b50, 0x000002562ea15f00, 0x000002562ea13e30,
0x000002562ea144c0, 0x000002562ea16c20, 0x000002562f2635f0, 0x000002562f262240,
0x000002562f261bb0, 0x000002562f264310, 0x000002562f265030, 0x000002562f263c80,
0x000002562f2656c0, 0x000002562f265d50, 0x000002562f2628d0, 0x000002562f262f60,
0x000002562f2684b0, 0x000002562f2691d0, 0x000002562f266a70, 0x000002562f267100,
0x000002562f267e20, 0x000002562f268b40, 0x000002562f267790, 0x0000025630b9fef0,
0x0000025630b9d100, 0x0000025630ba0580, 0x0000025630ba12a0, 0x0000025630b9de20,
0x0000025630ba0c10, 0x0000025630ba1930, 0x0000025630ba1fc0, 0x0000025630b9eb40,
0x0000025630ba2650, 0x0000025630b9f1d0, 0x0000025630ba3370, 0x0000025630ea9310,
0x0000025630ba4090
}

Java Threads: ( => current thread )
  0x000002560f3f57e0 JavaThread "main"                              [_thread_blocked, id=15948, stack(0x000000cbea600000,0x000000cbea700000) (1024K)]
  0x0000025628742e40 JavaThread "Common-Cleaner"             daemon [_thread_blocked, id=22712, stack(0x000000cbeae00000,0x000000cbeaf00000) (1024K)]
  0x0000025628752430 JavaThread "Reference Handler"          daemon [_thread_blocked, id=25312, stack(0x000000cbeaf00000,0x000000cbeb000000) (1024K)]
  0x0000025628753e80 JavaThread "Finalizer"                  daemon [_thread_blocked, id=20416, stack(0x000000cbeb000000,0x000000cbeb100000) (1024K)]
  0x00000256287772b0 JavaThread "Signal Dispatcher"          daemon [_thread_blocked, id=17008, stack(0x000000cbeb100000,0x000000cbeb200000) (1024K)]
  0x000002562875d0a0 JavaThread "Attach Listener"            daemon [_thread_blocked, id=22644, stack(0x000000cbeb200000,0x000000cbeb300000) (1024K)]
  0x000002562875ea70 JavaThread "Service Thread"             daemon [_thread_blocked, id=3940, stack(0x000000cbeb300000,0x000000cbeb400000) (1024K)]
  0x000002562877ff30 JavaThread "Monitor Deflation Thread"   daemon [_thread_blocked, id=20420, stack(0x000000cbeb400000,0x000000cbeb500000) (1024K)]
=>0x0000025628780cc0 JavaThread "C2 CompilerThread0"         daemon [_thread_in_native, id=23200, stack(0x000000cbeb500000,0x000000cbeb600000) (1024K)]
  0x00000256287822d0 JavaThread "C1 CompilerThread0"         daemon [_thread_blocked, id=21580, stack(0x000000cbeb600000,0x000000cbeb700000) (1024K)]
  0x0000025628a4db40 JavaThread "Notification Thread"        daemon [_thread_blocked, id=19852, stack(0x000000cbeb700000,0x000000cbeb800000) (1024K)]
  0x000002562e1b8060 JavaThread "Daemon health stats"               [_thread_blocked, id=24300, stack(0x000000cbebb00000,0x000000cbebc00000) (1024K)]
  0x000002562e1ca620 JavaThread "Incoming local TCP Connector on port 52145"        [_thread_in_native, id=24340, stack(0x000000cbebc00000,0x000000cbebd00000) (1024K)]
  0x000002562eaaecb0 JavaThread "Daemon periodic checks"            [_thread_blocked, id=23776, stack(0x000000cbebd00000,0x000000cbebe00000) (1024K)]
  0x000002562ead5300 JavaThread "Daemon"                            [_thread_blocked, id=21936, stack(0x000000cbebe00000,0x000000cbebf00000) (1024K)]
  0x000002562ead22f0 JavaThread "Handler for socket connection from /127.0.0.1:52145 to /127.0.0.1:52146"        [_thread_in_native, id=8808, stack(0x000000cbebf00000,0x000000cbec000000) (1024K)]
  0x000002562ea44190 JavaThread "Cancel handler"                    [_thread_blocked, id=8144, stack(0x000000cbec000000,0x000000cbec100000) (1024K)]
  0x000002562eac6f70 JavaThread "Daemon worker"                     [_thread_in_vm, id=12972, stack(0x000000cbec100000,0x000000cbec200000) (1024K)]
  0x000002562ea15870 JavaThread "Asynchronous log dispatcher for DefaultDaemonConnection: socket connection from /127.0.0.1:52145 to /127.0.0.1:52146"        [_thread_blocked, id=15976, stack(0x000000cbec200000,0x000000cbec300000) (1024K)]
  0x000002562ea172b0 JavaThread "Stdin handler"                     [_thread_blocked, id=5800, stack(0x000000cbec300000,0x000000cbec400000) (1024K)]
  0x000002562ea16590 JavaThread "Daemon client event forwarder"        [_thread_blocked, id=21560, stack(0x000000cbec400000,0x000000cbec500000) (1024K)]
  0x000002562ea14b50 JavaThread "Cache worker for journal cache (C:\Users\Tejash\.gradle\caches\journal-1)"        [_thread_blocked, id=68, stack(0x000000cbec500000,0x000000cbec600000) (1024K)]
  0x000002562ea15f00 JavaThread "File lock request listener"        [_thread_in_native, id=23864, stack(0x000000cbec600000,0x000000cbec700000) (1024K)]
  0x000002562ea13e30 JavaThread "Cache worker for file hash cache (C:\Users\Tejash\.gradle\caches\8.13\fileHashes)"        [_thread_blocked, id=17356, stack(0x000000cbec700000,0x000000cbec800000) (1024K)]
  0x000002562ea144c0 JavaThread "Cache worker for file hash cache (C:\Users\Tejash\AndroidStudioProjects\Pixxa\.gradle\8.13\fileHashes)"        [_thread_blocked, id=18596, stack(0x000000cbec800000,0x000000cbec900000) (1024K)]
  0x000002562ea16c20 JavaThread "Cache worker for Build Output Cleanup Cache (C:\Users\Tejash\AndroidStudioProjects\Pixxa\.gradle\buildOutputCleanup)"        [_thread_blocked, id=21196, stack(0x000000cbec900000,0x000000cbeca00000) (1024K)]
  0x000002562f2635f0 JavaThread "File watcher server"        daemon [_thread_in_native, id=22608, stack(0x000000cbeca00000,0x000000cbecb00000) (1024K)]
  0x000002562f262240 JavaThread "File watcher consumer"      daemon [_thread_blocked, id=14236, stack(0x000000cbecb00000,0x000000cbecc00000) (1024K)]
  0x000002562f261bb0 JavaThread "jar transforms"                    [_thread_blocked, id=20928, stack(0x000000cbecd00000,0x000000cbece00000) (1024K)]
  0x000002562f264310 JavaThread "jar transforms Thread 2"           [_thread_blocked, id=4284, stack(0x000000cbece00000,0x000000cbecf00000) (1024K)]
  0x000002562f265030 JavaThread "Cache worker for checksums cache (C:\Users\Tejash\AndroidStudioProjects\Pixxa\.gradle\8.13\checksums)"        [_thread_blocked, id=23904, stack(0x000000cbecf00000,0x000000cbed000000) (1024K)]
  0x000002562f263c80 JavaThread "Cache worker for file content cache (C:\Users\Tejash\.gradle\caches\8.13\fileContent)"        [_thread_blocked, id=23052, stack(0x000000cbed000000,0x000000cbed100000) (1024K)]
  0x000002562f2656c0 JavaThread "jar transforms Thread 3"           [_thread_blocked, id=14572, stack(0x000000cbecc00000,0x000000cbecd00000) (1024K)]
  0x000002562f265d50 JavaThread "Cache worker for cache directory md-supplier (C:\Users\Tejash\.gradle\caches\8.13\md-supplier)"        [_thread_blocked, id=23680, stack(0x000000cbed200000,0x000000cbed300000) (1024K)]
  0x000002562f2628d0 JavaThread "Cache worker for cache directory md-rule (C:\Users\Tejash\.gradle\caches\8.13\md-rule)"        [_thread_blocked, id=23400, stack(0x000000cbed100000,0x000000cbed200000) (1024K)]
  0x000002562f262f60 JavaThread "Unconstrained build operations"        [_thread_blocked, id=20836, stack(0x000000cbed300000,0x000000cbed400000) (1024K)]
  0x000002562f2684b0 JavaThread "Unconstrained build operations Thread 2"        [_thread_blocked, id=15812, stack(0x000000cbed400000,0x000000cbed500000) (1024K)]
  0x000002562f2691d0 JavaThread "Unconstrained build operations Thread 3"        [_thread_blocked, id=13776, stack(0x000000cbed500000,0x000000cbed600000) (1024K)]
  0x000002562f266a70 JavaThread "Unconstrained build operations Thread 4"        [_thread_blocked, id=16540, stack(0x000000cbed600000,0x000000cbed700000) (1024K)]
  0x000002562f267100 JavaThread "Unconstrained build operations Thread 5"        [_thread_blocked, id=13180, stack(0x000000cbed700000,0x000000cbed800000) (1024K)]
  0x000002562f267e20 JavaThread "Unconstrained build operations Thread 6"        [_thread_blocked, id=3268, stack(0x000000cbed800000,0x000000cbed900000) (1024K)]
  0x000002562f268b40 JavaThread "jar transforms Thread 4"           [_thread_blocked, id=22720, stack(0x000000cbed900000,0x000000cbeda00000) (1024K)]
  0x000002562f267790 JavaThread "Unconstrained build operations Thread 7"        [_thread_blocked, id=20800, stack(0x000000cbedb00000,0x000000cbedc00000) (1024K)]
  0x0000025630b9fef0 JavaThread "Unconstrained build operations Thread 8"        [_thread_blocked, id=8128, stack(0x000000cbedc00000,0x000000cbedd00000) (1024K)]
  0x0000025630b9d100 JavaThread "Unconstrained build operations Thread 9"        [_thread_blocked, id=14444, stack(0x000000cbedd00000,0x000000cbede00000) (1024K)]
  0x0000025630ba0580 JavaThread "Unconstrained build operations Thread 10"        [_thread_blocked, id=5816, stack(0x000000cbeda00000,0x000000cbedb00000) (1024K)]
  0x0000025630ba12a0 JavaThread "Unconstrained build operations Thread 11"        [_thread_blocked, id=24064, stack(0x000000cbede00000,0x000000cbedf00000) (1024K)]
  0x0000025630b9de20 JavaThread "Unconstrained build operations Thread 12"        [_thread_blocked, id=19996, stack(0x000000cbedf00000,0x000000cbee000000) (1024K)]
  0x0000025630ba0c10 JavaThread "Unconstrained build operations Thread 13"        [_thread_blocked, id=13688, stack(0x000000cbee000000,0x000000cbee100000) (1024K)]
  0x0000025630ba1930 JavaThread "Unconstrained build operations Thread 14"        [_thread_blocked, id=15692, stack(0x000000cbee100000,0x000000cbee200000) (1024K)]
  0x0000025630ba1fc0 JavaThread "Unconstrained build operations Thread 15"        [_thread_blocked, id=24604, stack(0x000000cbee200000,0x000000cbee300000) (1024K)]
  0x0000025630b9eb40 JavaThread "Unconstrained build operations Thread 16"        [_thread_blocked, id=24712, stack(0x000000cbee300000,0x000000cbee400000) (1024K)]
  0x0000025630ba2650 JavaThread "Unconstrained build operations Thread 17"        [_thread_blocked, id=24000, stack(0x000000cbee400000,0x000000cbee500000) (1024K)]
  0x0000025630b9f1d0 JavaThread "Unconstrained build operations Thread 18"        [_thread_blocked, id=23088, stack(0x000000cbee500000,0x000000cbee600000) (1024K)]
  0x0000025630ba3370 JavaThread "build event listener"              [_thread_blocked, id=16776, stack(0x000000cbee600000,0x000000cbee700000) (1024K)]
  0x0000025630ea9310 JavaThread "C2 CompilerThread1"         daemon [_thread_in_native, id=17772, stack(0x000000cbee700000,0x000000cbee800000) (1024K)]
  0x0000025630ba4090 JavaThread "Memory manager"                    [_thread_blocked, id=8340, stack(0x000000cbee800000,0x000000cbee900000) (1024K)]
Total: 57

Other Threads:
  0x0000025628595c40 VMThread "VM Thread"                           [id=23808, stack(0x000000cbead00000,0x000000cbeae00000) (1024K)]
  0x000002562853d430 WatcherThread "VM Periodic Task Thread"        [id=3792, stack(0x000000cbeac00000,0x000000cbead00000) (1024K)]
  0x000002560f4bdfe0 WorkerThread "GC Thread#0"                     [id=15776, stack(0x000000cbea700000,0x000000cbea800000) (1024K)]
  0x000002562d01da60 WorkerThread "GC Thread#1"                     [id=14476, stack(0x000000cbeb800000,0x000000cbeb900000) (1024K)]
  0x000002562d152d80 WorkerThread "GC Thread#2"                     [id=24940, stack(0x000000cbeb900000,0x000000cbeba00000) (1024K)]
  0x000002562d994a60 WorkerThread "GC Thread#3"                     [id=14552, stack(0x000000cbeba00000,0x000000cbebb00000) (1024K)]
  0x00000256117d66a0 ConcurrentGCThread "G1 Main Marker"            [id=20748, stack(0x000000cbea800000,0x000000cbea900000) (1024K)]
  0x00000256117d7850 WorkerThread "G1 Conc#0"                       [id=19900, stack(0x000000cbea900000,0x000000cbeaa00000) (1024K)]
  0x00000256284120c0 ConcurrentGCThread "G1 Refine#0"               [id=21284, stack(0x000000cbeaa00000,0x000000cbeab00000) (1024K)]
  0x00000256284129e0 ConcurrentGCThread "G1 Service"                [id=19768, stack(0x000000cbeab00000,0x000000cbeac00000) (1024K)]
Total: 10

Threads with active compile tasks:
C2 CompilerThread0  42980 9179 %     4       org.gradle.internal.instantiation.generator.AbstractClassGenerator::inspectType @ 107 (602 bytes)
C2 CompilerThread1  42980 9201   !   4       java.util.jar.Attributes::read (494 bytes)
Total: 2

VM state: not at safepoint (normal execution)

VM Mutex/Monitor currently owned by a thread: None

Heap address: 0x0000000080000000, size: 2048 MB, Compressed Oops mode: 32-bit

CDS archive(s) not mapped
Compressed class space mapped at: 0x0000000100000000-0x0000000140000000, reserved size: 1073741824
Narrow klass base: 0x0000000000000000, Narrow klass shift: 3, Narrow klass range: 0x140000000

GC Precious Log:
 CardTable entry size: 512
 Card Set container configuration: InlinePtr #cards 5 size 8 Array Of Cards #cards 12 size 40 Howl #buckets 4 coarsen threshold 1843 Howl Bitmap #cards 512 size 80 coarsen threshold 460 Card regions per heap region 1 cards per card region 2048
 CPUs: 4 total, 4 available
 Memory: 6094M
 Large Page Support: Disabled
 NUMA Support: Disabled
 Compressed Oops: Enabled (32-bit)
 Heap Region Size: 1M
 Heap Min Capacity: 8M
 Heap Initial Capacity: 96M
 Heap Max Capacity: 2G
 Pre-touch: Disabled
 Parallel Workers: 4
 Concurrent Workers: 1
 Concurrent Refinement Workers: 4
 Periodic GC: Disabled

Heap:
 garbage-first heap   total 117760K, used 91674K [0x0000000080000000, 0x0000000100000000)
  region size 1024K, 23 young (23552K), 2 survivors (2048K)
 Metaspace       used 81741K, committed 83584K, reserved 1179648K
  class space    used 11413K, committed 12288K, reserved 1048576K

Heap Regions: E=young(eden), S=young(survivor), O=old, HS=humongous(starts), HC=humongous(continues), CS=collection set, F=free, TAMS=top-at-mark-start, PB=parsable bottom
|   0|0x0000000080000000, 0x0000000080100000, 0x0000000080100000|100%|HS|  |TAMS 0x0000000080000000| PB 0x0000000080000000| Complete 
|   1|0x0000000080100000, 0x0000000080200000, 0x0000000080200000|100%|HC|  |TAMS 0x0000000080100000| PB 0x0000000080100000| Complete 
|   2|0x0000000080200000, 0x0000000080300000, 0x0000000080300000|100%|HC|  |TAMS 0x0000000080200000| PB 0x0000000080200000| Complete 
|   3|0x0000000080300000, 0x0000000080400000, 0x0000000080400000|100%| O|  |TAMS 0x0000000080300000| PB 0x0000000080300000| Untracked 
|   4|0x0000000080400000, 0x0000000080500000, 0x0000000080500000|100%| O|  |TAMS 0x0000000080400000| PB 0x0000000080400000| Untracked 
|   5|0x0000000080500000, 0x0000000080600000, 0x0000000080600000|100%| O|  |TAMS 0x0000000080500000| PB 0x0000000080500000| Untracked 
|   6|0x0000000080600000, 0x0000000080700000, 0x0000000080700000|100%|HS|  |TAMS 0x0000000080600000| PB 0x0000000080600000| Complete 
|   7|0x0000000080700000, 0x0000000080800000, 0x0000000080800000|100%| O|  |TAMS 0x0000000080700000| PB 0x0000000080700000| Untracked 
|   8|0x0000000080800000, 0x0000000080900000, 0x0000000080900000|100%| O|  |TAMS 0x0000000080800000| PB 0x0000000080800000| Untracked 
|   9|0x0000000080900000, 0x0000000080a00000, 0x0000000080a00000|100%| O|  |TAMS 0x0000000080900000| PB 0x0000000080900000| Untracked 
|  10|0x0000000080a00000, 0x0000000080b00000, 0x0000000080b00000|100%| O|  |TAMS 0x0000000080a00000| PB 0x0000000080a00000| Untracked 
|  11|0x0000000080b00000, 0x0000000080c00000, 0x0000000080c00000|100%| O|  |TAMS 0x0000000080b00000| PB 0x0000000080b00000| Untracked 
|  12|0x0000000080c00000, 0x0000000080d00000, 0x0000000080d00000|100%| O|  |TAMS 0x0000000080c00000| PB 0x0000000080c00000| Untracked 
|  13|0x0000000080d00000, 0x0000000080e00000, 0x0000000080e00000|100%| O|  |TAMS 0x0000000080d00000| PB 0x0000000080d00000| Untracked 
|  14|0x0000000080e00000, 0x0000000080f00000, 0x0000000080f00000|100%| O|  |TAMS 0x0000000080e00000| PB 0x0000000080e00000| Untracked 
|  15|0x0000000080f00000, 0x0000000081000000, 0x0000000081000000|100%| O|  |TAMS 0x0000000080f00000| PB 0x0000000080f00000| Untracked 
|  16|0x0000000081000000, 0x0000000081100000, 0x0000000081100000|100%| O|  |TAMS 0x0000000081000000| PB 0x0000000081000000| Untracked 
|  17|0x0000000081100000, 0x0000000081200000, 0x0000000081200000|100%| O|  |TAMS 0x0000000081100000| PB 0x0000000081100000| Untracked 
|  18|0x0000000081200000, 0x0000000081300000, 0x0000000081300000|100%| O|  |TAMS 0x0000000081200000| PB 0x0000000081200000| Untracked 
|  19|0x0000000081300000, 0x0000000081400000, 0x0000000081400000|100%| O|  |TAMS 0x0000000081300000| PB 0x0000000081300000| Untracked 
|  20|0x0000000081400000, 0x0000000081500000, 0x0000000081500000|100%| O|  |TAMS 0x0000000081400000| PB 0x0000000081400000| Untracked 
|  21|0x0000000081500000, 0x0000000081600000, 0x0000000081600000|100%| O|  |TAMS 0x0000000081500000| PB 0x0000000081500000| Untracked 
|  22|0x0000000081600000, 0x0000000081700000, 0x0000000081700000|100%| O|  |TAMS 0x0000000081600000| PB 0x0000000081600000| Untracked 
|  23|0x0000000081700000, 0x0000000081800000, 0x0000000081800000|100%| O|  |TAMS 0x0000000081700000| PB 0x0000000081700000| Untracked 
|  24|0x0000000081800000, 0x0000000081900000, 0x0000000081900000|100%| O|  |TAMS 0x0000000081800000| PB 0x0000000081800000| Untracked 
|  25|0x0000000081900000, 0x0000000081a00000, 0x0000000081a00000|100%| O|  |TAMS 0x0000000081900000| PB 0x0000000081900000| Untracked 
|  26|0x0000000081a00000, 0x0000000081b00000, 0x0000000081b00000|100%| O|  |TAMS 0x0000000081a00000| PB 0x0000000081a00000| Untracked 
|  27|0x0000000081b00000, 0x0000000081c00000, 0x0000000081c00000|100%| O|  |TAMS 0x0000000081b00000| PB 0x0000000081b00000| Untracked 
|  28|0x0000000081c00000, 0x0000000081d00000, 0x0000000081d00000|100%|HS|  |TAMS 0x0000000081c00000| PB 0x0000000081c00000| Complete 
|  29|0x0000000081d00000, 0x0000000081e00000, 0x0000000081e00000|100%|HC|  |TAMS 0x0000000081d00000| PB 0x0000000081d00000| Complete 
|  30|0x0000000081e00000, 0x0000000081f00000, 0x0000000081f00000|100%| O|  |TAMS 0x0000000081e00000| PB 0x0000000081e00000| Untracked 
|  31|0x0000000081f00000, 0x0000000082000000, 0x0000000082000000|100%| O|  |TAMS 0x0000000081f00000| PB 0x0000000081f00000| Untracked 
|  32|0x0000000082000000, 0x0000000082100000, 0x0000000082100000|100%| O|  |TAMS 0x0000000082000000| PB 0x0000000082000000| Untracked 
|  33|0x0000000082100000, 0x0000000082200000, 0x0000000082200000|100%| O|  |TAMS 0x0000000082100000| PB 0x0000000082100000| Untracked 
|  34|0x0000000082200000, 0x0000000082300000, 0x0000000082300000|100%| O|Cm|TAMS 0x0000000082200000| PB 0x0000000082200000| Complete 
|  35|0x0000000082300000, 0x0000000082400000, 0x0000000082400000|100%| O|  |TAMS 0x0000000082300000| PB 0x0000000082300000| Untracked 
|  36|0x0000000082400000, 0x0000000082500000, 0x0000000082500000|100%| O|  |TAMS 0x0000000082400000| PB 0x0000000082400000| Untracked 
|  37|0x0000000082500000, 0x0000000082600000, 0x0000000082600000|100%| O|  |TAMS 0x0000000082500000| PB 0x0000000082500000| Untracked 
|  38|0x0000000082600000, 0x0000000082700000, 0x0000000082700000|100%| O|  |TAMS 0x0000000082600000| PB 0x0000000082600000| Untracked 
|  39|0x0000000082700000, 0x0000000082800000, 0x0000000082800000|100%| O|  |TAMS 0x0000000082700000| PB 0x0000000082700000| Untracked 
|  40|0x0000000082800000, 0x0000000082900000, 0x0000000082900000|100%| O|  |TAMS 0x0000000082800000| PB 0x0000000082800000| Untracked 
|  41|0x0000000082900000, 0x0000000082a00000, 0x0000000082a00000|100%| O|  |TAMS 0x0000000082900000| PB 0x0000000082900000| Untracked 
|  42|0x0000000082a00000, 0x0000000082b00000, 0x0000000082b00000|100%| O|  |TAMS 0x0000000082a00000| PB 0x0000000082a00000| Untracked 
|  43|0x0000000082b00000, 0x0000000082c00000, 0x0000000082c00000|100%| O|  |TAMS 0x0000000082b00000| PB 0x0000000082b00000| Untracked 
|  44|0x0000000082c00000, 0x0000000082d00000, 0x0000000082d00000|100%| O|  |TAMS 0x0000000082c00000| PB 0x0000000082c00000| Untracked 
|  45|0x0000000082d00000, 0x0000000082e00000, 0x0000000082e00000|100%| O|  |TAMS 0x0000000082d00000| PB 0x0000000082d00000| Untracked 
|  46|0x0000000082e00000, 0x0000000082f00000, 0x0000000082f00000|100%| O|  |TAMS 0x0000000082e00000| PB 0x0000000082e00000| Untracked 
|  47|0x0000000082f00000, 0x0000000083000000, 0x0000000083000000|100%| O|  |TAMS 0x0000000082f00000| PB 0x0000000082f00000| Untracked 
|  48|0x0000000083000000, 0x0000000083100000, 0x0000000083100000|100%| O|  |TAMS 0x0000000083000000| PB 0x0000000083000000| Untracked 
|  49|0x0000000083100000, 0x0000000083200000, 0x0000000083200000|100%| O|  |TAMS 0x0000000083100000| PB 0x0000000083100000| Untracked 
|  50|0x0000000083200000, 0x0000000083300000, 0x0000000083300000|100%| O|Cm|TAMS 0x0000000083200000| PB 0x0000000083200000| Complete 
|  51|0x0000000083300000, 0x0000000083400000, 0x0000000083400000|100%| O|  |TAMS 0x0000000083300000| PB 0x0000000083300000| Untracked 
|  52|0x0000000083400000, 0x0000000083500000, 0x0000000083500000|100%|HS|  |TAMS 0x0000000083400000| PB 0x0000000083400000| Complete 
|  53|0x0000000083500000, 0x0000000083600000, 0x0000000083600000|100%|HS|  |TAMS 0x0000000083500000| PB 0x0000000083500000| Complete 
|  54|0x0000000083600000, 0x0000000083700000, 0x0000000083700000|100%|HS|  |TAMS 0x0000000083600000| PB 0x0000000083600000| Complete 
|  55|0x0000000083700000, 0x0000000083800000, 0x0000000083800000|100%| O|  |TAMS 0x0000000083700000| PB 0x0000000083700000| Untracked 
|  56|0x0000000083800000, 0x0000000083900000, 0x0000000083900000|100%| O|  |TAMS 0x0000000083800000| PB 0x0000000083800000| Untracked 
|  57|0x0000000083900000, 0x0000000083a00000, 0x0000000083a00000|100%|HS|  |TAMS 0x0000000083900000| PB 0x0000000083900000| Complete 
|  58|0x0000000083a00000, 0x0000000083afb220, 0x0000000083b00000| 98%| O|  |TAMS 0x0000000083a00000| PB 0x0000000083a00000| Untracked 
|  59|0x0000000083b00000, 0x0000000083c00000, 0x0000000083c00000|100%|HS|  |TAMS 0x0000000083b00000| PB 0x0000000083b00000| Complete 
|  60|0x0000000083c00000, 0x0000000083d00000, 0x0000000083d00000|100%|HS|  |TAMS 0x0000000083c00000| PB 0x0000000083c00000| Complete 
|  61|0x0000000083d00000, 0x0000000083d00000, 0x0000000083e00000|  0%| F|  |TAMS 0x0000000083d00000| PB 0x0000000083d00000| Untracked 
|  62|0x0000000083e00000, 0x0000000083e00000, 0x0000000083f00000|  0%| F|  |TAMS 0x0000000083e00000| PB 0x0000000083e00000| Untracked 
|  63|0x0000000083f00000, 0x0000000083f00000, 0x0000000084000000|  0%| F|  |TAMS 0x0000000083f00000| PB 0x0000000083f00000| Untracked 
|  64|0x0000000084000000, 0x0000000084000000, 0x0000000084100000|  0%| F|  |TAMS 0x0000000084000000| PB 0x0000000084000000| Untracked 
|  65|0x0000000084100000, 0x0000000084100000, 0x0000000084200000|  0%| F|  |TAMS 0x0000000084100000| PB 0x0000000084100000| Untracked 
|  66|0x0000000084200000, 0x0000000084300000, 0x0000000084300000|100%| O|  |TAMS 0x0000000084200000| PB 0x0000000084200000| Untracked 
|  67|0x0000000084300000, 0x0000000084400000, 0x0000000084400000|100%| O|  |TAMS 0x0000000084300000| PB 0x0000000084300000| Untracked 
|  68|0x0000000084400000, 0x0000000084500000, 0x0000000084500000|100%| O|  |TAMS 0x0000000084400000| PB 0x0000000084400000| Untracked 
|  69|0x0000000084500000, 0x0000000084600000, 0x0000000084600000|100%| O|  |TAMS 0x0000000084500000| PB 0x0000000084500000| Untracked 
|  70|0x0000000084600000, 0x0000000084600000, 0x0000000084700000|  0%| F|  |TAMS 0x0000000084600000| PB 0x0000000084600000| Untracked 
|  71|0x0000000084700000, 0x0000000084700000, 0x0000000084800000|  0%| F|  |TAMS 0x0000000084700000| PB 0x0000000084700000| Untracked 
|  72|0x0000000084800000, 0x0000000084800000, 0x0000000084900000|  0%| F|  |TAMS 0x0000000084800000| PB 0x0000000084800000| Untracked 
|  73|0x0000000084900000, 0x0000000084900000, 0x0000000084a00000|  0%| F|  |TAMS 0x0000000084900000| PB 0x0000000084900000| Untracked 
|  74|0x0000000084a00000, 0x0000000084a00000, 0x0000000084b00000|  0%| F|  |TAMS 0x0000000084a00000| PB 0x0000000084a00000| Untracked 
|  75|0x0000000084b00000, 0x0000000084b00000, 0x0000000084c00000|  0%| F|  |TAMS 0x0000000084b00000| PB 0x0000000084b00000| Untracked 
|  76|0x0000000084c00000, 0x0000000084c00000, 0x0000000084d00000|  0%| F|  |TAMS 0x0000000084c00000| PB 0x0000000084c00000| Untracked 
|  77|0x0000000084d00000, 0x0000000084d00000, 0x0000000084e00000|  0%| F|  |TAMS 0x0000000084d00000| PB 0x0000000084d00000| Untracked 
|  78|0x0000000084e00000, 0x0000000084e00000, 0x0000000084f00000|  0%| F|  |TAMS 0x0000000084e00000| PB 0x0000000084e00000| Untracked 
|  79|0x0000000084f00000, 0x0000000084f00000, 0x0000000085000000|  0%| F|  |TAMS 0x0000000084f00000| PB 0x0000000084f00000| Untracked 
|  80|0x0000000085000000, 0x0000000085000000, 0x0000000085100000|  0%| F|  |TAMS 0x0000000085000000| PB 0x0000000085000000| Untracked 
|  81|0x0000000085100000, 0x0000000085100000, 0x0000000085200000|  0%| F|  |TAMS 0x0000000085100000| PB 0x0000000085100000| Untracked 
|  82|0x0000000085200000, 0x0000000085200000, 0x0000000085300000|  0%| F|  |TAMS 0x0000000085200000| PB 0x0000000085200000| Untracked 
|  83|0x0000000085300000, 0x0000000085300000, 0x0000000085400000|  0%| F|  |TAMS 0x0000000085300000| PB 0x0000000085300000| Untracked 
|  84|0x0000000085400000, 0x0000000085400000, 0x0000000085500000|  0%| F|  |TAMS 0x0000000085400000| PB 0x0000000085400000| Untracked 
|  85|0x0000000085500000, 0x0000000085500000, 0x0000000085600000|  0%| F|  |TAMS 0x0000000085500000| PB 0x0000000085500000| Untracked 
|  86|0x0000000085600000, 0x000000008568b880, 0x0000000085700000| 54%| S|CS|TAMS 0x0000000085600000| PB 0x0000000085600000| Complete 
|  87|0x0000000085700000, 0x0000000085800000, 0x0000000085800000|100%| S|CS|TAMS 0x0000000085700000| PB 0x0000000085700000| Complete 
|  88|0x0000000085800000, 0x0000000085800000, 0x0000000085900000|  0%| F|  |TAMS 0x0000000085800000| PB 0x0000000085800000| Untracked 
|  89|0x0000000085900000, 0x0000000085900000, 0x0000000085a00000|  0%| F|  |TAMS 0x0000000085900000| PB 0x0000000085900000| Untracked 
|  90|0x0000000085a00000, 0x0000000085ac6520, 0x0000000085b00000| 77%| E|  |TAMS 0x0000000085a00000| PB 0x0000000085a00000| Complete 
|  91|0x0000000085b00000, 0x0000000085c00000, 0x0000000085c00000|100%| E|CS|TAMS 0x0000000085b00000| PB 0x0000000085b00000| Complete 
|  92|0x0000000085c00000, 0x0000000085d00000, 0x0000000085d00000|100%| E|CS|TAMS 0x0000000085c00000| PB 0x0000000085c00000| Complete 
|  93|0x0000000085d00000, 0x0000000085e00000, 0x0000000085e00000|100%| E|CS|TAMS 0x0000000085d00000| PB 0x0000000085d00000| Complete 
|  94|0x0000000085e00000, 0x0000000085f00000, 0x0000000085f00000|100%| E|CS|TAMS 0x0000000085e00000| PB 0x0000000085e00000| Complete 
|  95|0x0000000085f00000, 0x0000000086000000, 0x0000000086000000|100%| E|CS|TAMS 0x0000000085f00000| PB 0x0000000085f00000| Complete 
|  96|0x0000000086000000, 0x0000000086100000, 0x0000000086100000|100%| E|CS|TAMS 0x0000000086000000| PB 0x0000000086000000| Complete 
|  97|0x0000000086100000, 0x0000000086200000, 0x0000000086200000|100%| E|CS|TAMS 0x0000000086100000| PB 0x0000000086100000| Complete 
|  98|0x0000000086200000, 0x0000000086300000, 0x0000000086300000|100%| E|CS|TAMS 0x0000000086200000| PB 0x0000000086200000| Complete 
|  99|0x0000000086300000, 0x0000000086400000, 0x0000000086400000|100%| E|CS|TAMS 0x0000000086300000| PB 0x0000000086300000| Complete 
| 100|0x0000000086400000, 0x0000000086500000, 0x0000000086500000|100%| E|CS|TAMS 0x0000000086400000| PB 0x0000000086400000| Complete 
| 101|0x0000000086500000, 0x0000000086600000, 0x0000000086600000|100%| E|CS|TAMS 0x0000000086500000| PB 0x0000000086500000| Complete 
| 102|0x0000000086600000, 0x0000000086700000, 0x0000000086700000|100%| E|CS|TAMS 0x0000000086600000| PB 0x0000000086600000| Complete 
| 103|0x0000000086700000, 0x0000000086800000, 0x0000000086800000|100%| E|CS|TAMS 0x0000000086700000| PB 0x0000000086700000| Complete 
| 104|0x0000000086800000, 0x0000000086900000, 0x0000000086900000|100%| E|CS|TAMS 0x0000000086800000| PB 0x0000000086800000| Complete 
| 105|0x0000000086900000, 0x0000000086a00000, 0x0000000086a00000|100%| E|CS|TAMS 0x0000000086900000| PB 0x0000000086900000| Complete 
| 106|0x0000000086a00000, 0x0000000086b00000, 0x0000000086b00000|100%| E|CS|TAMS 0x0000000086a00000| PB 0x0000000086a00000| Complete 
| 107|0x0000000086b00000, 0x0000000086c00000, 0x0000000086c00000|100%| E|CS|TAMS 0x0000000086b00000| PB 0x0000000086b00000| Complete 
| 108|0x0000000086c00000, 0x0000000086d00000, 0x0000000086d00000|100%| E|CS|TAMS 0x0000000086c00000| PB 0x0000000086c00000| Complete 
| 109|0x0000000086d00000, 0x0000000086e00000, 0x0000000086e00000|100%| E|CS|TAMS 0x0000000086d00000| PB 0x0000000086d00000| Complete 
| 110|0x0000000086e00000, 0x0000000086f00000, 0x0000000086f00000|100%| E|CS|TAMS 0x0000000086e00000| PB 0x0000000086e00000| Complete 
| 111|0x0000000086f00000, 0x0000000087000000, 0x0000000087000000|100%| E|CS|TAMS 0x0000000086f00000| PB 0x0000000086f00000| Complete 
|2045|0x00000000ffd00000, 0x00000000ffe00000, 0x00000000ffe00000|100%| O|  |TAMS 0x00000000ffd00000| PB 0x00000000ffd00000| Untracked 
|2046|0x00000000ffe00000, 0x00000000fff00000, 0x00000000fff00000|100%| O|  |TAMS 0x00000000ffe00000| PB 0x00000000ffe00000| Untracked 
|2047|0x00000000fff00000, 0x0000000100000000, 0x0000000100000000|100%| O|  |TAMS 0x00000000fff00000| PB 0x00000000fff00000| Untracked 

Card table byte_map: [0x0000025623cc0000,0x00000256240c0000] _byte_map_base: 0x00000256238c0000

Marking Bits: (CMBitMap*) 0x000002560f4be5f0
 Bits: [0x00000256240c0000, 0x00000256260c0000)

Polling page: 0x000002560f3a0000

Metaspace:

Usage:
  Non-class:     68.78 MB used.
      Class:     11.15 MB used.
       Both:     79.93 MB used.

Virtual space:
  Non-class space:      128.00 MB reserved,      69.75 MB ( 54%) committed,  2 nodes.
      Class space:        1.00 GB reserved,      12.00 MB (  1%) committed,  1 nodes.
             Both:        1.12 GB reserved,      81.75 MB (  7%) committed. 

Chunk freelists:
   Non-Class:  9.95 MB
       Class:  4.02 MB
        Both:  13.97 MB

MaxMetaspaceSize: unlimited
CompressedClassSpaceSize: 1.00 GB
Initial GC threshold: 21.00 MB
Current GC threshold: 128.75 MB
CDS: off
 - commit_granule_bytes: 65536.
 - commit_granule_words: 8192.
 - virtual_space_node_default_size: 8388608.
 - enlarge_chunks_in_place: 1.
 - use_allocation_guard: 0.


Internal statistics:

num_allocs_failed_limit: 6.
num_arena_births: 3644.
num_arena_deaths: 0.
num_vsnodes_births: 3.
num_vsnodes_deaths: 0.
num_space_committed: 1308.
num_space_uncommitted: 0.
num_chunks_returned_to_freelist: 6.
num_chunks_taken_from_freelist: 7114.
num_chunk_merges: 6.
num_chunk_splits: 4619.
num_chunks_enlarged: 2815.
num_inconsistent_stats: 0.

CodeHeap 'non-profiled nmethods': size=120000Kb used=4479Kb max_used=4517Kb free=115520Kb
 bounds [0x000002561c390000, 0x000002561c810000, 0x00000256238c0000]
CodeHeap 'profiled nmethods': size=120000Kb used=14284Kb max_used=14634Kb free=105715Kb
 bounds [0x00000256148c0000, 0x0000025615710000, 0x000002561bdf0000]
CodeHeap 'non-nmethods': size=5760Kb used=2790Kb max_used=2833Kb free=2969Kb
 bounds [0x000002561bdf0000, 0x000002561c0d0000, 0x000002561c390000]
CodeCache: size=245760Kb, used=21553Kb, max_used=21984Kb, free=224204Kb
 total_blobs=8770, nmethods=7846, adapters=828, full_count=0
Compilation: enabled, stopped_count=0, restarted_count=0

Compilation events (20 events):
Event: 42.562 Thread 0x00000256287822d0 9190       3       org.gradle.tooling.internal.provider.runner.ClientForwardingBuildOperationListener::finished (96 bytes)
Event: 42.564 Thread 0x00000256287822d0 nmethod 9190 0x0000025614f86790 code [0x0000025614f86ac0, 0x0000025614f87f40]
Event: 42.564 Thread 0x00000256287822d0 9191       3       org.gradle.api.internal.DefaultDomainObjectCollection::assertEagerContext (17 bytes)
Event: 42.565 Thread 0x00000256287822d0 nmethod 9191 0x00000256153ff710 code [0x00000256153ff8e0, 0x00000256153ffb88]
Event: 42.565 Thread 0x00000256287822d0 9192       3       org.gradle.api.internal.DefaultMutationGuard::assertEagerContext (28 bytes)
Event: 42.566 Thread 0x00000256287822d0 nmethod 9192 0x0000025614944710 code [0x0000025614944960, 0x0000025614945398]
Event: 42.568 Thread 0x00000256287822d0 9193       1       org.gradle.api.internal.DefaultDomainObjectCollection::getEventRegister (5 bytes)
Event: 42.568 Thread 0x00000256287822d0 nmethod 9193 0x000002561c41d010 code [0x000002561c41d1a0, 0x000002561c41d268]
Event: 42.655 Thread 0x00000256287822d0 9194       3       com.google.common.collect.ImmutableSet$Builder::add (6 bytes)
Event: 42.655 Thread 0x00000256287822d0 nmethod 9194 0x0000025615152190 code [0x0000025615152340, 0x0000025615152500]
Event: 42.820 Thread 0x00000256287822d0 9195       3       org.gradle.internal.instantiation.generator.AsmBackedClassGenerator$ClassBuilderImpl::access$5600 (4 bytes)
Event: 42.820 Thread 0x00000256287822d0 nmethod 9195 0x0000025614adc910 code [0x0000025614adcaa0, 0x0000025614adcb98]
Event: 42.821 Thread 0x00000256287822d0 9196       3       org.gradle.internal.instantiation.generator.AsmBackedClassGenerator$ClassBuilderImpl::addActionMethod (108 bytes)
Event: 42.825 Thread 0x00000256287822d0 nmethod 9196 0x00000256151de910 code [0x00000256151dec20, 0x00000256151e0068]
Event: 42.825 Thread 0x00000256287822d0 9197       3       org.gradle.internal.instantiation.generator.AsmBackedClassGenerator$ClassBuilderImpl$$Lambda/0x00000001002f3890::emit (33 bytes)
Event: 42.826 Thread 0x00000256287822d0 nmethod 9197 0x0000025615175090 code [0x0000025615175240, 0x00000256151753a8]
Event: 42.826 Thread 0x00000256287822d0 9198       3       org.gradle.internal.instantiation.generator.AsmBackedClassGenerator$ClassBuilderImpl$40::<init> (238 bytes)
Event: 42.829 Thread 0x00000256287822d0 nmethod 9198 0x0000025615049c10 code [0x0000025615049fa0, 0x000002561504b818]
Event: 42.831 Thread 0x00000256287822d0 9199       3       org.gradle.model.internal.asm.AsmClassGeneratorUtils::visitTypes (33 bytes)
Event: 42.832 Thread 0x00000256287822d0 nmethod 9199 0x0000025614bb4e10 code [0x0000025614bb4fc0, 0x0000025614bb51b0]

GC Heap History (20 events):
Event: 27.993 GC heap before
{Heap before GC invocations=17 (full 0):
 garbage-first heap   total 82944K, used 75302K [0x0000000080000000, 0x0000000100000000)
  region size 1024K, 32 young (32768K), 2 survivors (2048K)
 Metaspace       used 66644K, committed 68288K, reserved 1114112K
  class space    used 9365K, committed 10176K, reserved 1048576K
}
Event: 28.000 GC heap after
{Heap after GC invocations=18 (full 0):
 garbage-first heap   total 82944K, used 46310K [0x0000000080000000, 0x0000000100000000)
  region size 1024K, 4 young (4096K), 4 survivors (4096K)
 Metaspace       used 66644K, committed 68288K, reserved 1114112K
  class space    used 9365K, committed 10176K, reserved 1048576K
}
Event: 29.315 GC heap before
{Heap before GC invocations=19 (full 0):
 garbage-first heap   total 82944K, used 72934K [0x0000000080000000, 0x0000000100000000)
  region size 1024K, 30 young (30720K), 4 survivors (4096K)
 Metaspace       used 70044K, committed 71744K, reserved 1114112K
  class space    used 9928K, committed 10752K, reserved 1048576K
}
Event: 29.327 GC heap after
{Heap after GC invocations=20 (full 0):
 garbage-first heap   total 82944K, used 47319K [0x0000000080000000, 0x0000000100000000)
  region size 1024K, 3 young (3072K), 3 survivors (3072K)
 Metaspace       used 70044K, committed 71744K, reserved 1114112K
  class space    used 9928K, committed 10752K, reserved 1048576K
}
Event: 31.822 GC heap before
{Heap before GC invocations=20 (full 0):
 garbage-first heap   total 82944K, used 73943K [0x0000000080000000, 0x0000000100000000)
  region size 1024K, 29 young (29696K), 3 survivors (3072K)
 Metaspace       used 72130K, committed 73792K, reserved 1114112K
  class space    used 10202K, committed 11008K, reserved 1048576K
}
Event: 31.845 GC heap after
{Heap after GC invocations=21 (full 0):
 garbage-first heap   total 100352K, used 50120K [0x0000000080000000, 0x0000000100000000)
  region size 1024K, 4 young (4096K), 4 survivors (4096K)
 Metaspace       used 72130K, committed 73792K, reserved 1114112K
  class space    used 10202K, committed 11008K, reserved 1048576K
}
Event: 34.433 GC heap before
{Heap before GC invocations=21 (full 0):
 garbage-first heap   total 100352K, used 89032K [0x0000000080000000, 0x0000000100000000)
  region size 1024K, 43 young (44032K), 4 survivors (4096K)
 Metaspace       used 72611K, committed 74304K, reserved 1114112K
  class space    used 10205K, committed 11008K, reserved 1048576K
}
Event: 34.455 GC heap after
{Heap after GC invocations=22 (full 0):
 garbage-first heap   total 100352K, used 53569K [0x0000000080000000, 0x0000000100000000)
  region size 1024K, 6 young (6144K), 6 survivors (6144K)
 Metaspace       used 72611K, committed 74304K, reserved 1114112K
  class space    used 10205K, committed 11008K, reserved 1048576K
}
Event: 36.696 GC heap before
{Heap before GC invocations=22 (full 0):
 garbage-first heap   total 100352K, used 86337K [0x0000000080000000, 0x0000000100000000)
  region size 1024K, 39 young (39936K), 6 survivors (6144K)
 Metaspace       used 72760K, committed 74496K, reserved 1114112K
  class space    used 10205K, committed 11008K, reserved 1048576K
}
Event: 36.709 GC heap after
{Heap after GC invocations=23 (full 0):
 garbage-first heap   total 100352K, used 55527K [0x0000000080000000, 0x0000000100000000)
  region size 1024K, 4 young (4096K), 4 survivors (4096K)
 Metaspace       used 72760K, committed 74496K, reserved 1114112K
  class space    used 10205K, committed 11008K, reserved 1048576K
}
Event: 37.601 GC heap before
{Heap before GC invocations=23 (full 0):
 garbage-first heap   total 100352K, used 88295K [0x0000000080000000, 0x0000000100000000)
  region size 1024K, 37 young (37888K), 4 survivors (4096K)
 Metaspace       used 72767K, committed 74496K, reserved 1114112K
  class space    used 10205K, committed 11008K, reserved 1048576K
}
Event: 37.608 GC heap after
{Heap after GC invocations=24 (full 0):
 garbage-first heap   total 100352K, used 55983K [0x0000000080000000, 0x0000000100000000)
  region size 1024K, 4 young (4096K), 4 survivors (4096K)
 Metaspace       used 72767K, committed 74496K, reserved 1114112K
  class space    used 10205K, committed 11008K, reserved 1048576K
}
Event: 39.126 GC heap before
{Heap before GC invocations=25 (full 0):
 garbage-first heap   total 100352K, used 90799K [0x0000000080000000, 0x0000000100000000)
  region size 1024K, 36 young (36864K), 4 survivors (4096K)
 Metaspace       used 73164K, committed 74880K, reserved 1114112K
  class space    used 10264K, committed 11072K, reserved 1048576K
}
Event: 39.136 GC heap after
{Heap after GC invocations=26 (full 0):
 garbage-first heap   total 101376K, used 64003K [0x0000000080000000, 0x0000000100000000)
  region size 1024K, 5 young (5120K), 5 survivors (5120K)
 Metaspace       used 73164K, committed 74880K, reserved 1114112K
  class space    used 10264K, committed 11072K, reserved 1048576K
}
Event: 39.882 GC heap before
{Heap before GC invocations=26 (full 0):
 garbage-first heap   total 101376K, used 92675K [0x0000000080000000, 0x0000000100000000)
  region size 1024K, 30 young (30720K), 5 survivors (5120K)
 Metaspace       used 74824K, committed 76608K, reserved 1179648K
  class space    used 10463K, committed 11328K, reserved 1048576K
}
Event: 39.892 GC heap after
{Heap after GC invocations=27 (full 0):
 garbage-first heap   total 104448K, used 69894K [0x0000000080000000, 0x0000000100000000)
  region size 1024K, 4 young (4096K), 4 survivors (4096K)
 Metaspace       used 74824K, committed 76608K, reserved 1179648K
  class space    used 10463K, committed 11328K, reserved 1048576K
}
Event: 40.819 GC heap before
{Heap before GC invocations=27 (full 0):
 garbage-first heap   total 104448K, used 92422K [0x0000000080000000, 0x0000000100000000)
  region size 1024K, 27 young (27648K), 4 survivors (4096K)
 Metaspace       used 76898K, committed 78656K, reserved 1179648K
  class space    used 10738K, committed 11584K, reserved 1048576K
}
Event: 40.829 GC heap after
{Heap after GC invocations=28 (full 0):
 garbage-first heap   total 104448K, used 70592K [0x0000000080000000, 0x0000000100000000)
  region size 1024K, 1 young (1024K), 1 survivors (1024K)
 Metaspace       used 76898K, committed 78656K, reserved 1179648K
  class space    used 10738K, committed 11584K, reserved 1048576K
}
Event: 41.727 GC heap before
{Heap before GC invocations=29 (full 0):
 garbage-first heap   total 117760K, used 94144K [0x0000000080000000, 0x0000000100000000)
  region size 1024K, 25 young (25600K), 1 survivors (1024K)
 Metaspace       used 79541K, committed 81344K, reserved 1179648K
  class space    used 11034K, committed 11904K, reserved 1048576K
}
Event: 41.733 GC heap after
{Heap after GC invocations=30 (full 0):
 garbage-first heap   total 117760K, used 71194K [0x0000000080000000, 0x0000000100000000)
  region size 1024K, 2 young (2048K), 2 survivors (2048K)
 Metaspace       used 79541K, committed 81344K, reserved 1179648K
  class space    used 11034K, committed 11904K, reserved 1048576K
}

Dll operation events (3 events):
Event: 0.033 Loaded shared library C:\Program Files\Android\Android Studio\jbr\bin\java.dll
Event: 0.059 Loaded shared library C:\Program Files\Android\Android Studio\jbr\bin\zip.dll
Event: 2.364 Loaded shared library C:\Program Files\Android\Android Studio\jbr\bin\verify.dll

Deoptimization events (20 events):
Event: 41.777 Thread 0x000002562eac6f70 Uncommon trap: trap_request=0xffffffde fr.pc=0x000002561c522e6c relative=0x000000000000004c
Event: 41.777 Thread 0x000002562eac6f70 Uncommon trap: reason=class_check action=maybe_recompile pc=0x000002561c522e6c method=java.lang.StringConcatHelper.stringOf(Ljava/lang/Object;)Ljava/lang/String; @ 5 c2
Event: 41.777 Thread 0x000002562eac6f70 DEOPT PACKING pc=0x000002561c522e6c sp=0x000000cbec1f7af0
Event: 41.777 Thread 0x000002562eac6f70 DEOPT UNPACKING pc=0x000002561be446a2 sp=0x000000cbec1f7a80 mode 2
Event: 41.778 Thread 0x000002562eac6f70 Uncommon trap: trap_request=0xffffffde fr.pc=0x000002561c522e6c relative=0x000000000000004c
Event: 41.778 Thread 0x000002562eac6f70 Uncommon trap: reason=class_check action=maybe_recompile pc=0x000002561c522e6c method=java.lang.StringConcatHelper.stringOf(Ljava/lang/Object;)Ljava/lang/String; @ 5 c2
Event: 41.778 Thread 0x000002562eac6f70 DEOPT PACKING pc=0x000002561c522e6c sp=0x000000cbec1f7af0
Event: 41.778 Thread 0x000002562eac6f70 DEOPT UNPACKING pc=0x000002561be446a2 sp=0x000000cbec1f7a80 mode 2
Event: 41.829 Thread 0x000002562eac6f70 Uncommon trap: trap_request=0xffffffdc fr.pc=0x000002561c7951e8 relative=0x00000000000002a8
Event: 41.829 Thread 0x000002562eac6f70 Uncommon trap: reason=class_check action=make_not_entrant pc=0x000002561c7951e8 method=java.util.ArrayList.toArray([Ljava/lang/Object;)[Ljava/lang/Object; @ 21 c2
Event: 41.829 Thread 0x000002562eac6f70 DEOPT PACKING pc=0x000002561c7951e8 sp=0x000000cbec1f6af0
Event: 41.829 Thread 0x000002562eac6f70 DEOPT UNPACKING pc=0x000002561be446a2 sp=0x000000cbec1f6ac0 mode 2
Event: 41.992 Thread 0x000002562eac6f70 Uncommon trap: trap_request=0xffffff45 fr.pc=0x000002561c756dac relative=0x000000000000066c
Event: 41.992 Thread 0x000002562eac6f70 Uncommon trap: reason=unstable_if action=reinterpret pc=0x000002561c756dac method=java.io.WinNTFileSystem.prefixLength(Ljava/lang/String;)I @ 42 c2
Event: 41.992 Thread 0x000002562eac6f70 DEOPT PACKING pc=0x000002561c756dac sp=0x000000cbec1f5730
Event: 41.992 Thread 0x000002562eac6f70 DEOPT UNPACKING pc=0x000002561be446a2 sp=0x000000cbec1f5688 mode 2
Event: 41.992 Thread 0x000002562eac6f70 Uncommon trap: trap_request=0xffffff45 fr.pc=0x000002561c6a18a8 relative=0x00000000000002c8
Event: 41.992 Thread 0x000002562eac6f70 Uncommon trap: reason=unstable_if action=reinterpret pc=0x000002561c6a18a8 method=java.io.WinNTFileSystem.prefixLength(Ljava/lang/String;)I @ 42 c2
Event: 41.992 Thread 0x000002562eac6f70 DEOPT PACKING pc=0x000002561c6a18a8 sp=0x000000cbec1f56f0
Event: 41.992 Thread 0x000002562eac6f70 DEOPT UNPACKING pc=0x000002561be446a2 sp=0x000000cbec1f5688 mode 2

Classes loaded (20 events):
Event: 41.982 Loading class javax/xml/parsers/FactoryFinder
Event: 41.983 Loading class javax/xml/parsers/FactoryFinder done
Event: 41.983 Loading class javax/xml/parsers/FactoryFinder$1
Event: 41.983 Loading class javax/xml/parsers/FactoryFinder$1 done
Event: 41.986 Loading class com/sun/org/apache/xerces/internal/jaxp/DocumentBuilderFactoryImpl
Event: 41.987 Loading class com/sun/org/apache/xerces/internal/jaxp/DocumentBuilderFactoryImpl done
Event: 41.987 Loading class com/sun/org/apache/xerces/internal/utils/XMLSecurityManager
Event: 41.989 Loading class com/sun/org/apache/xerces/internal/utils/XMLSecurityManager done
Event: 41.989 Loading class com/sun/org/apache/xerces/internal/utils/XMLSecurityManager$Limit
Event: 41.990 Loading class com/sun/org/apache/xerces/internal/utils/XMLSecurityManager$Limit done
Event: 41.990 Loading class com/sun/org/apache/xerces/internal/utils/XMLSecurityManager$NameMap
Event: 41.990 Loading class com/sun/org/apache/xerces/internal/utils/XMLSecurityManager$NameMap done
Event: 41.990 Loading class com/sun/org/apache/xerces/internal/utils/XMLSecurityPropertyManager
Event: 41.991 Loading class com/sun/org/apache/xerces/internal/utils/XMLSecurityPropertyManager done
Event: 41.991 Loading class com/sun/org/apache/xerces/internal/utils/XMLSecurityPropertyManager$State
Event: 41.991 Loading class com/sun/org/apache/xerces/internal/utils/XMLSecurityPropertyManager$State done
Event: 41.991 Loading class com/sun/org/apache/xerces/internal/utils/XMLSecurityPropertyManager$Property
Event: 41.991 Loading class com/sun/org/apache/xerces/internal/utils/XMLSecurityPropertyManager$Property done
Event: 42.134 Loading class java/util/regex/Pattern$SliceI
Event: 42.136 Loading class java/util/regex/Pattern$SliceI done

Classes unloaded (0 events):
No events

Classes redefined (0 events):
No events

Internal exceptions (20 events):
Event: 38.668 Thread 0x000002562eac6f70 Exception <a 'java/lang/ClassNotFoundException'{0x0000000084cf3f38}: org/gradle/api/internal/DefaultNamedDomainObjectSetCustomizer> (0x0000000084cf3f38) 
thrown [s\src\hotspot\share\classfile\systemDictionary.cpp, line 312]
Event: 38.671 Thread 0x000002562eac6f70 Exception <a 'java/lang/ClassNotFoundException'{0x0000000084b2e178}: org/gradle/api/internal/tasks/DefaultTaskCollectionCustomizer> (0x0000000084b2e178) 
thrown [s\src\hotspot\share\classfile\systemDictionary.cpp, line 312]
Event: 38.676 Thread 0x000002562eac6f70 Exception <a 'java/lang/ClassNotFoundException'{0x0000000084b8d028}: org/gradle/api/internal/tasks/DefaultTaskCollection_DecoratedCustomizer> (0x0000000084b8d028) 
thrown [s\src\hotspot\share\classfile\systemDictionary.cpp, line 312]
Event: 38.695 Thread 0x000002562eac6f70 Exception <a 'java/lang/NoSuchMethodError'{0x0000000084bf6750}: 'long java.lang.invoke.DirectMethodHandle$Holder.invokeVirtual(java.lang.Object, java.lang.Object)'> (0x0000000084bf6750) 
thrown [s\src\hotspot\share\interpreter\linkResolver.cpp, line 784]
Event: 38.702 Thread 0x000002562ea16590 Exception <a 'java/lang/NoSuchMethodError'{0x0000000084a43d10}: static Lorg/gradle/internal/build/event/types/DefaultOperationFinishedProgressEvent;.<clinit>()V> (0x0000000084a43d10) 
thrown [s\src\hotspot\share\prims\jni.cpp, line 1144]
Event: 38.707 Thread 0x000002562ea16590 Exception <a 'java/lang/NoSuchMethodError'{0x0000000084a6f590}: static Lorg/gradle/internal/build/event/types/DefaultProjectConfigurationSuccessResult;.<clinit>()V> (0x0000000084a6f590) 
thrown [s\src\hotspot\share\prims\jni.cpp, line 1144]
Event: 38.708 Thread 0x000002562ea16590 Exception <a 'java/lang/NoSuchMethodError'{0x0000000084a70bb0}: static Lorg/gradle/internal/build/event/types/AbstractProjectConfigurationResult;.<clinit>()V> (0x0000000084a70bb0) 
thrown [s\src\hotspot\share\prims\jni.cpp, line 1144]
Event: 38.708 Thread 0x000002562ea16590 Exception <a 'java/lang/NoSuchMethodError'{0x0000000084a72460}: static Lorg/gradle/internal/build/event/types/AbstractOperationResult;.<clinit>()V> (0x0000000084a72460) 
thrown [s\src\hotspot\share\prims\jni.cpp, line 1144]
Event: 38.708 Thread 0x000002562ea16590 Exception <a 'java/lang/NoSuchMethodError'{0x0000000084a73920}: static Lorg/gradle/internal/build/event/types/AbstractResult;.<clinit>()V> (0x0000000084a73920) 
thrown [s\src\hotspot\share\prims\jni.cpp, line 1144]
Event: 38.713 Thread 0x000002562ea16590 Exception <a 'java/lang/NoSuchMethodError'{0x0000000084a8df80}: static Lorg/gradle/internal/build/event/types/DefaultPluginApplicationResult;.<clinit>()V> (0x0000000084a8df80) 
thrown [s\src\hotspot\share\prims\jni.cpp, line 1144]
Event: 38.714 Thread 0x000002562ea16590 Exception <a 'java/lang/NoSuchMethodError'{0x0000000084a9b108}: static Lorg/gradle/internal/build/event/types/DefaultBinaryPluginIdentifier;.<clinit>()V> (0x0000000084a9b108) 
thrown [s\src\hotspot\share\prims\jni.cpp, line 1144]
Event: 38.722 Thread 0x000002562ea16590 Exception <a 'java/lang/NoSuchMethodError'{0x0000000084af06a8}: static Lorg/gradle/internal/build/event/types/DefaultScriptPluginIdentifier;.<clinit>()V> (0x0000000084af06a8) 
thrown [s\src\hotspot\share\prims\jni.cpp, line 1144]
Event: 38.867 Thread 0x000002562eac6f70 Implicit null exception at 0x000002561c6f40dd to 0x000002561c6f4574
Event: 38.867 Thread 0x000002562eac6f70 Implicit null exception at 0x000002561c6f4d5f to 0x000002561c6f51e4
Event: 39.340 Thread 0x000002562eac6f70 Exception <a 'java/lang/ClassNotFoundException'{0x0000000085e4fd18}: org/gradle/api/internal/plugins/DefaultObjectConfigurationActionBeanInfo> (0x0000000085e4fd18) 
thrown [s\src\hotspot\share\classfile\systemDictionary.cpp, line 312]
Event: 39.342 Thread 0x000002562eac6f70 Exception <a 'java/lang/ClassNotFoundException'{0x0000000085e63af0}: org/gradle/api/internal/plugins/DefaultObjectConfigurationActionCustomizer> (0x0000000085e63af0) 
thrown [s\src\hotspot\share\classfile\systemDictionary.cpp, line 312]
Event: 40.530 Thread 0x000002562eac6f70 Exception <a 'java/lang/NoSuchMethodError'{0x000000008507e648}: 'int java.lang.invoke.DirectMethodHandle$Holder.invokeSpecialIFC(java.lang.Object, java.lang.Object, java.lang.Object, java.lang.Object, java.lang.Object)'> (0x000000008507e648) 
thrown [s\src\hotspot\share\interpreter\linkResolver.cpp, line 784]
Event: 42.044 Thread 0x000002562eac6f70 Exception <a 'java/lang/NoSuchMethodError'{0x00000000868afed0}: 'java.lang.Object java.lang.invoke.DirectMethodHandle$Holder.newInvokeSpecial(java.lang.Object, java.lang.Object, java.lang.Object, java.lang.Object, java.lang.Object, java.lang.Object, java.lang.Object, java.lang.Object, java.lang.Object, java.lang.Object, java.lang.Object, java.lang.Object, java.lang.Object, java.lang.Object, java.lang.Object, java.lang.Object)'> (0x00000000868afed0) 
thrown [s\src\hotspot\share\interpreter\linkResolver.cpp,
Event: 42.045 Thread 0x000002562eac6f70 Exception <a 'java/lang/NoSuchMethodError'{0x00000000868b6b48}: 'java.lang.Object java.lang.invoke.DirectMethodHandle$Holder.invokeSpecial(java.lang.Object, java.lang.Object, java.lang.Object, java.lang.Object, java.lang.Object, java.lang.Object, java.lang.Object, java.lang.Object, java.lang.Object, java.lang.Object, java.lang.Object, java.lang.Object, java.lang.Object, java.lang.Object, java.lang.Object, java.lang.Object, java.lang.Object)'> (0x00000000868b6b48) 
thrown [s\src\hotspot\share\interpreter\li
Event: 42.050 Thread 0x000002562eac6f70 Exception <a 'java/lang/NoSuchMethodError'{0x00000000868bc728}: 'java.lang.Object java.lang.invoke.DelegatingMethodHandle$Holder.reinvoke_L(java.lang.Object, java.lang.Object, java.lang.Object, java.lang.Object, java.lang.Object, java.lang.Object, java.lang.Object, java.lang.Object, java.lang.Object, java.lang.Object, java.lang.Object, java.lang.Object, java.lang.Object, java.lang.Object, java.lang.Object, java.lang.Object)'> (0x00000000868bc728) 
thrown [s\src\hotspot\share\interpreter\linkResolver.cpp, l

ZGC Phase Switch (0 events):
No events

VM Operations (20 events):
Event: 38.867 Executing VM operation: ICBufferFull
Event: 38.867 Executing VM operation: ICBufferFull done
Event: 39.043 Executing VM operation: HandshakeAllThreads (Deoptimize)
Event: 39.043 Executing VM operation: HandshakeAllThreads (Deoptimize) done
Event: 39.125 Executing VM operation: G1CollectForAllocation (G1 Evacuation Pause)
Event: 39.136 Executing VM operation: G1CollectForAllocation (G1 Evacuation Pause) done
Event: 39.882 Executing VM operation: G1CollectForAllocation (G1 Evacuation Pause)
Event: 39.892 Executing VM operation: G1CollectForAllocation (G1 Evacuation Pause) done
Event: 40.819 Executing VM operation: G1CollectForAllocation (G1 Evacuation Pause)
Event: 40.829 Executing VM operation: G1CollectForAllocation (G1 Evacuation Pause) done
Event: 40.968 Executing VM operation: HandshakeAllThreads (Deoptimize)
Event: 40.968 Executing VM operation: HandshakeAllThreads (Deoptimize) done
Event: 41.041 Executing VM operation: G1PauseRemark
Event: 41.051 Executing VM operation: G1PauseRemark done
Event: 41.117 Executing VM operation: G1PauseCleanup
Event: 41.117 Executing VM operation: G1PauseCleanup done
Event: 41.727 Executing VM operation: G1CollectForAllocation (G1 Evacuation Pause)
Event: 41.733 Executing VM operation: G1CollectForAllocation (G1 Evacuation Pause) done
Event: 42.078 Executing VM operation: HandshakeAllThreads (Deoptimize)
Event: 42.078 Executing VM operation: HandshakeAllThreads (Deoptimize) done

Memory protections (0 events):
No events

Nmethod flushes (20 events):
Event: 41.049 Thread 0x0000025628595c40 flushing  nmethod 0x0000025615190c10
Event: 41.049 Thread 0x0000025628595c40 flushing  nmethod 0x000002561519cc10
Event: 41.049 Thread 0x0000025628595c40 flushing  nmethod 0x000002561519f410
Event: 41.049 Thread 0x0000025628595c40 flushing  nmethod 0x00000256151a0210
Event: 41.049 Thread 0x0000025628595c40 flushing  nmethod 0x00000256151a1190
Event: 41.049 Thread 0x0000025628595c40 flushing  nmethod 0x00000256151a2e10
Event: 41.049 Thread 0x0000025628595c40 flushing  nmethod 0x00000256151a3390
Event: 41.049 Thread 0x0000025628595c40 flushing  nmethod 0x00000256151a3890
Event: 41.049 Thread 0x0000025628595c40 flushing  nmethod 0x00000256151de910
Event: 41.049 Thread 0x0000025628595c40 flushing  nmethod 0x00000256151dfa10
Event: 41.049 Thread 0x0000025628595c40 flushing  nmethod 0x00000256151e2210
Event: 41.049 Thread 0x0000025628595c40 flushing  nmethod 0x00000256151e4990
Event: 41.049 Thread 0x0000025628595c40 flushing  nmethod 0x00000256151e5090
Event: 41.049 Thread 0x0000025628595c40 flushing  nmethod 0x0000025615226110
Event: 41.049 Thread 0x0000025628595c40 flushing  nmethod 0x0000025615248910
Event: 41.049 Thread 0x0000025628595c40 flushing  nmethod 0x0000025615251590
Event: 41.049 Thread 0x0000025628595c40 flushing  nmethod 0x00000256152f3b90
Event: 41.049 Thread 0x0000025628595c40 flushing  nmethod 0x00000256152f4890
Event: 41.049 Thread 0x0000025628595c40 flushing  nmethod 0x00000256152f4d10
Event: 41.049 Thread 0x0000025628595c40 flushing  nmethod 0x00000256152f5810

Events (20 events):
Event: 27.676 Thread 0x0000025628780cc0 Thread added: 0x000002562f083da0
Event: 28.182 Thread 0x000002562f083da0 Thread exited: 0x000002562f083da0
Event: 29.062 Thread 0x00000256287822d0 Thread added: 0x0000025630ea8c40
Event: 30.321 Thread 0x0000025630ea8c40 Thread exited: 0x0000025630ea8c40
Event: 30.619 Thread 0x00000256287822d0 Thread added: 0x0000025630ea99e0
Event: 31.074 Thread 0x0000025630ea99e0 Thread exited: 0x0000025630ea99e0
Event: 31.498 Thread 0x000002562eac6f70 Thread added: 0x0000025630ba0580
Event: 31.498 Thread 0x000002562eac6f70 Thread added: 0x0000025630ba12a0
Event: 31.498 Thread 0x000002562eac6f70 Thread added: 0x0000025630b9de20
Event: 31.999 Thread 0x000002562eac6f70 Thread added: 0x0000025630ba0c10
Event: 32.006 Thread 0x000002562eac6f70 Thread added: 0x0000025630ba1930
Event: 32.011 Thread 0x000002562eac6f70 Thread added: 0x0000025630ba1fc0
Event: 33.189 Thread 0x000002562eac6f70 Thread added: 0x0000025630b9eb40
Event: 33.191 Thread 0x000002562eac6f70 Thread added: 0x0000025630ba2650
Event: 33.192 Thread 0x000002562eac6f70 Thread added: 0x0000025630b9f1d0
Event: 38.524 Thread 0x00000256287822d0 Thread added: 0x0000025630eab520
Event: 39.464 Thread 0x0000025630eab520 Thread exited: 0x0000025630eab520
Event: 40.976 Thread 0x000002562eac6f70 Thread added: 0x0000025630ba3370
Event: 42.041 Thread 0x00000256287822d0 Thread added: 0x0000025630ea9310
Event: 42.252 Thread 0x000002562eac6f70 Thread added: 0x0000025630ba4090


Dynamic libraries:
0x00007ff691d10000 - 0x00007ff691d1a000 	C:\Program Files\Android\Android Studio\jbr\bin\java.exe
0x00007ffa0da40000 - 0x00007ffa0dca6000 	C:\WINDOWS\SYSTEM32\ntdll.dll
0x00007ffa0c5f0000 - 0x00007ffa0c6b9000 	C:\WINDOWS\System32\KERNEL32.DLL
0x00007ffa0b300000 - 0x00007ffa0b6fa000 	C:\WINDOWS\System32\KERNELBASE.dll
0x00007ffa0ae50000 - 0x00007ffa0af9c000 	C:\WINDOWS\System32\ucrtbase.dll
0x00007ff9fb460000 - 0x00007ff9fb47b000 	C:\Program Files\Android\Android Studio\jbr\bin\VCRUNTIME140.dll
0x00007ff9ff8f0000 - 0x00007ff9ff908000 	C:\Program Files\Android\Android Studio\jbr\bin\jli.dll
0x00007ffa0c230000 - 0x00007ffa0c3f7000 	C:\WINDOWS\System32\USER32.dll
0x00007ffa0afa0000 - 0x00007ffa0afc7000 	C:\WINDOWS\System32\win32u.dll
0x00007ffa0bb70000 - 0x00007ffa0bb9b000 	C:\WINDOWS\System32\GDI32.dll
0x00007ff9f9670000 - 0x00007ff9f9902000 	C:\WINDOWS\WinSxS\amd64_microsoft.windows.common-controls_6595b64144ccf1df_6.0.26100.8521_none_3e08b75ce33403b3\COMCTL32.dll
0x00007ffa0bba0000 - 0x00007ffa0bc49000 	C:\WINDOWS\System32\msvcrt.dll
0x00007ffa0b120000 - 0x00007ffa0b24b000 	C:\WINDOWS\System32\gdi32full.dll
0x00007ffa0b700000 - 0x00007ffa0b7a3000 	C:\WINDOWS\System32\msvcp_win.dll
0x00007ffa0d6e0000 - 0x00007ffa0d712000 	C:\WINDOWS\System32\IMM32.DLL
0x00007ff9ff8c0000 - 0x00007ff9ff8cc000 	C:\Program Files\Android\Android Studio\jbr\bin\vcruntime140_1.dll
0x00007ff996c10000 - 0x00007ff996c9d000 	C:\Program Files\Android\Android Studio\jbr\bin\msvcp140.dll
0x00007ff9820f0000 - 0x00007ff982d86000 	C:\Program Files\Android\Android Studio\jbr\bin\server\jvm.dll
0x00007ffa0bab0000 - 0x00007ffa0bb66000 	C:\WINDOWS\System32\ADVAPI32.dll
0x00007ffa0d520000 - 0x00007ffa0d5ca000 	C:\WINDOWS\System32\sechost.dll
0x00007ffa0cf70000 - 0x00007ffa0d088000 	C:\WINDOWS\System32\RPCRT4.dll
0x00007ffa0c1a0000 - 0x00007ffa0c220000 	C:\WINDOWS\System32\WS2_32.dll
0x00007ffa03aa0000 - 0x00007ffa03aab000 	C:\WINDOWS\SYSTEM32\VERSION.dll
0x00007ffa03a60000 - 0x00007ffa03a96000 	C:\WINDOWS\SYSTEM32\WINMM.dll
0x00007ffa0ab50000 - 0x00007ffa0abae000 	C:\WINDOWS\SYSTEM32\POWRPROF.dll
0x00007ffa0ab30000 - 0x00007ffa0ab44000 	C:\WINDOWS\SYSTEM32\UMPDC.dll
0x00007ffa09a60000 - 0x00007ffa09a7b000 	C:\WINDOWS\SYSTEM32\kernel.appcore.dll
0x00007ff9ff8b0000 - 0x00007ff9ff8ba000 	C:\Program Files\Android\Android Studio\jbr\bin\jimage.dll
0x00007ffa083d0000 - 0x00007ffa08612000 	C:\WINDOWS\SYSTEM32\DBGHELP.DLL
0x00007ffa0d190000 - 0x00007ffa0d513000 	C:\WINDOWS\System32\combase.dll
0x00007ffa0d090000 - 0x00007ffa0d169000 	C:\WINDOWS\System32\OLEAUT32.dll
0x00007ff9ef380000 - 0x00007ff9ef3bb000 	C:\WINDOWS\SYSTEM32\dbgcore.DLL
0x00007ffa0b250000 - 0x00007ffa0b2f8000 	C:\WINDOWS\System32\bcryptPrimitives.dll
0x00007ff9ff8e0000 - 0x00007ff9ff8ee000 	C:\Program Files\Android\Android Studio\jbr\bin\instrument.dll
0x00007ff9f9110000 - 0x00007ff9f9130000 	C:\Program Files\Android\Android Studio\jbr\bin\java.dll
0x00007ff9f90f0000 - 0x00007ff9f9108000 	C:\Program Files\Android\Android Studio\jbr\bin\zip.dll
0x00007ffa0c7e0000 - 0x00007ffa0cf64000 	C:\WINDOWS\System32\SHELL32.dll
0x00007ffa08880000 - 0x00007ffa09100000 	C:\WINDOWS\SYSTEM32\windows.storage.dll
0x00007ffa0b9b0000 - 0x00007ffa0baa6000 	C:\WINDOWS\System32\SHCORE.dll
0x00007ffa0bca0000 - 0x00007ffa0bd07000 	C:\WINDOWS\System32\shlwapi.dll
0x00007ffa0abf0000 - 0x00007ffa0ac19000 	C:\WINDOWS\SYSTEM32\profapi.dll
0x00007ff9f9230000 - 0x00007ff9f9240000 	C:\Program Files\Android\Android Studio\jbr\bin\net.dll
0x00007ff9fe3e0000 - 0x00007ff9fe509000 	C:\WINDOWS\SYSTEM32\WINHTTP.dll
0x00007ffa09fd0000 - 0x00007ffa0a03c000 	C:\WINDOWS\system32\mswsock.dll
0x00007ff9e0900000 - 0x00007ff9e0916000 	C:\Program Files\Android\Android Studio\jbr\bin\nio.dll
0x00007ff9dc2e0000 - 0x00007ff9dc2f0000 	C:\Program Files\Android\Android Studio\jbr\bin\verify.dll
0x00007ff9d4570000 - 0x00007ff9d4597000 	C:\Users\Tejash\.gradle\native\1def1411415f61bf3af743bc5b6707747c0891f09f0c88961ee8f79bc544acac\windows-amd64\native-platform.dll
0x00007ff9f9130000 - 0x00007ff9f91a8000 	C:\Users\Tejash\.gradle\native\0.2.7\x86_64-windows-gnu\gradle-fileevents.dll
0x00007ff9e08f0000 - 0x00007ff9e08f9000 	C:\Program Files\Android\Android Studio\jbr\bin\management.dll
0x00007ff9dc370000 - 0x00007ff9dc37b000 	C:\Program Files\Android\Android Studio\jbr\bin\management_ext.dll
0x00007ffa0c750000 - 0x00007ffa0c758000 	C:\WINDOWS\System32\PSAPI.DLL
0x00007ffa094c0000 - 0x00007ffa094f3000 	C:\WINDOWS\SYSTEM32\IPHLPAPI.DLL
0x00007ffa0d750000 - 0x00007ffa0d75a000 	C:\WINDOWS\System32\NSI.dll
0x00007ff9f90e0000 - 0x00007ff9f90e9000 	C:\Program Files\Android\Android Studio\jbr\bin\extnet.dll
0x00007ffa0a2b0000 - 0x00007ffa0a2cb000 	C:\WINDOWS\SYSTEM32\CRYPTSP.dll
0x00007ffa099c0000 - 0x00007ffa099f9000 	C:\WINDOWS\system32\rsaenh.dll
0x00007ffa0a080000 - 0x00007ffa0a0b3000 	C:\WINDOWS\SYSTEM32\USERENV.dll
0x00007ffa0abc0000 - 0x00007ffa0abea000 	C:\WINDOWS\SYSTEM32\bcrypt.dll
0x00007ffa0aaf0000 - 0x00007ffa0aafc000 	C:\WINDOWS\SYSTEM32\CRYPTBASE.dll
0x00007ff9db690000 - 0x00007ff9db698000 	C:\WINDOWS\system32\wshunix.dll

JVMTI agents:
C:\Users\Tejash\.gradle\wrapper\dists\gradle-8.13-bin\5xuhj0ry160q40clulazy9h7d\gradle-8.13\lib\agents\gradle-instrumentation-agent-8.13.jar path:C:\Program Files\Android\Android Studio\jbr\bin\instrument.dll, loaded, initialized, instrumentlib options:none

dbghelp: loaded successfully - version: 4.0.5 - missing functions: none
symbol engine: initialized successfully - sym options: 0x614 - pdb path: .;C:\Program Files\Android\Android Studio\jbr\bin;C:\WINDOWS\SYSTEM32;C:\WINDOWS\WinSxS\amd64_microsoft.windows.common-controls_6595b64144ccf1df_6.0.26100.8521_none_3e08b75ce33403b3;C:\Program Files\Android\Android Studio\jbr\bin\server;C:\Users\Tejash\.gradle\native\1def1411415f61bf3af743bc5b6707747c0891f09f0c88961ee8f79bc544acac\windows-amd64;C:\Users\Tejash\.gradle\native\0.2.7\x86_64-windows-gnu

VM Arguments:
jvm_args: --add-opens=java.base/java.lang=ALL-UNNAMED --add-opens=java.base/java.lang.invoke=ALL-UNNAMED --add-opens=java.base/java.util=ALL-UNNAMED --add-opens=java.prefs/java.util.prefs=ALL-UNNAMED --add-exports=jdk.compiler/com.sun.tools.javac.api=ALL-UNNAMED --add-exports=jdk.compiler/com.sun.tools.javac.util=ALL-UNNAMED --add-opens=java.base/java.util=ALL-UNNAMED --add-opens=java.prefs/java.util.prefs=ALL-UNNAMED --add-opens=java.base/java.nio.charset=ALL-UNNAMED --add-opens=java.base/java.net=ALL-UNNAMED --add-opens=java.base/java.util.concurrent.atomic=ALL-UNNAMED --add-opens=java.xml/javax.xml.namespace=ALL-UNNAMED -Xmx2048m -Dfile.encoding=UTF-8 -Duser.country=IN -Duser.language=en -Duser.variant -javaagent:C:\Users\Tejash\.gradle\wrapper\dists\gradle-8.13-bin\5xuhj0ry160q40clulazy9h7d\gradle-8.13\lib\agents\gradle-instrumentation-agent-8.13.jar 
java_command: org.gradle.launcher.daemon.bootstrap.GradleDaemon 8.13
java_class_path (initial): C:\Users\Tejash\.gradle\wrapper\dists\gradle-8.13-bin\5xuhj0ry160q40clulazy9h7d\gradle-8.13\lib\gradle-daemon-main-8.13.jar
Launcher Type: SUN_STANDARD

[Global flags]
     intx CICompilerCount                          = 3                                         {product} {ergonomic}
     uint ConcGCThreads                            = 1                                         {product} {ergonomic}
     uint G1ConcRefinementThreads                  = 4                                         {product} {ergonomic}
   size_t G1HeapRegionSize                         = 1048576                                   {product} {ergonomic}
    uintx GCDrainStackTargetSize                   = 64                                        {product} {ergonomic}
   size_t InitialHeapSize                          = 100663296                                 {product} {ergonomic}
   size_t MarkStackSize                            = 4194304                                   {product} {ergonomic}
   size_t MaxHeapSize                              = 2147483648                                {product} {command line}
   size_t MaxNewSize                               = 1287651328                                {product} {ergonomic}
   size_t MinHeapDeltaBytes                        = 1048576                                   {product} {ergonomic}
   size_t MinHeapSize                              = 8388608                                   {product} {ergonomic}
    uintx NonNMethodCodeHeapSize                   = 5832780                                {pd product} {ergonomic}
    uintx NonProfiledCodeHeapSize                  = 122912730                              {pd product} {ergonomic}
    uintx ProfiledCodeHeapSize                     = 122912730                              {pd product} {ergonomic}
    uintx ReservedCodeCacheSize                    = 251658240                              {pd product} {ergonomic}
     bool SegmentedCodeCache                       = true                                      {product} {ergonomic}
   size_t SoftMaxHeapSize                          = 2147483648                             {manageable} {ergonomic}
     bool UseCompressedOops                        = true                           {product lp64_product} {ergonomic}
     bool UseG1GC                                  = true                                      {product} {ergonomic}
     bool UseLargePagesIndividualAllocation        = false                                  {pd product} {ergonomic}

Logging:
Log output configuration:
 #0: stdout all=warning uptime,level,tags foldmultilines=false
 #1: stderr all=off uptime,level,tags foldmultilines=false

Environment Variables:
PATH=C:\Program Files\Common Files\Oracle\Java\javapath;C:\Program Files (x86)\Common Files\Oracle\Java\javapath;C:\WINDOWS\system32;C:\WINDOWS;C:\WINDOWS\System32\Wbem;C:\WINDOWS\System32\WindowsPowerShell\v1.0\;C:\WINDOWS\System32\OpenSSH\;C:\mingw64\bin;C:\Program Files\MySQL\MySQL Server 8.0\bin;C:\Program Files\Java\jdk-17\bin;C:\Program Files\MySQL\MySQL Shell 8.0\bin\;C:\Users\Tejash\AppData\Local\Microsoft\WindowsApps;C:\Users\Tejash\AppData\Local\Programs\Microsoft VS Code\bin;C:\msys64\ucrt64\bin;C:\Program Files\Java\jdk-17\bin;C:\Program Files\JetBrains\IntelliJ IDEA 2025.3.1\bin
USERNAME=Tejash
OS=Windows_NT
PROCESSOR_IDENTIFIER=AMD64 Family 23 Model 24 Stepping 1, AuthenticAMD
TMP=C:\Users\Tejash\AppData\Local\Temp
TEMP=C:\Users\Tejash\AppData\Local\Temp




Periodic native trim disabled

JNI global refs:
JNI global refs: 27, weak refs: 0

JNI global refs memory usage: 835, weak refs: 201

Process memory usage:
Resident Set Size: 318992K (5% of 6240472K total physical memory with 599780K free physical memory)

OOME stack traces (most recent first):
Classloader memory used:
Loader org.gradle.internal.classloader.VisitableURLClassLoader                         : 38280K
Loader bootstrap                                                                       : 25043K
Loader org.gradle.initialization.MixInLegacyTypesClassLoader                           : 11811K
Loader org.gradle.internal.classloader.VisitableURLClassLoader$InstrumentingVisitableURLClassLoader: 5870K
Loader jdk.internal.loader.ClassLoaders$PlatformClassLoader                            : 528K
Loader jdk.internal.loader.ClassLoaders$AppClassLoader                                 : 235K
Loader jdk.internal.reflect.DelegatingClassLoader                                      : 192K
Loader org.gradle.groovy.scripts.internal.DefaultScriptCompilationHandler$ScriptClassLoader: 125K
Loader org.gradle.internal.classloader.VisitableURLClassLoader                         : 117K
Loader org.codehaus.groovy.runtime.callsite.CallSiteClassLoader                        : 17272B

Classes loaded by more than one classloader:
Class Program                                                                         : loaded 4 times (x 74B)
Class com.google.common.base.Equivalence$Identity                                     : loaded 2 times (x 82B)
Class com.google.common.collect.RegularImmutableMap$KeySet                            : loaded 2 times (x 152B)
Class org.gradle.internal.classloader.FilteringClassLoader                            : loaded 2 times (x 105B)
Class com.google.common.base.CharMatcher$IsEither                                     : loaded 2 times (x 111B)
Class org.gradle.internal.classloader.ClassLoaderHierarchy                            : loaded 2 times (x 70B)
Class com.google.common.util.concurrent.ExecutionError                                : loaded 2 times (x 82B)
Class com.google.common.collect.ImmutableList$1                                       : loaded 2 times (x 97B)
Class org.gradle.api.internal.classpath.ManifestUtil                                  : loaded 2 times (x 71B)
Class com.google.common.collect.RegularImmutableMap                                   : loaded 2 times (x 121B)
Class com.google.common.collect.ImmutableMap$MapViewOfValuesAsSingletonSets           : loaded 2 times (x 126B)
Class com.google.common.collect.UnmodifiableListIterator                              : loaded 2 times (x 95B)
Class [Lcom.google.common.cache.CacheBuilder$OneWeigher;                              : loaded 2 times (x 69B)
Class com.google.common.base.Suppliers                                                : loaded 2 times (x 71B)
Class org.gradle.internal.classloader.DefaultClassLoaderFactory                       : loaded 2 times (x 82B)
Class org.gradle.internal.classloader.ClassLoaderVisitor                              : loaded 2 times (x 76B)
Class [Lcom.google.common.collect.ImmutableMapEntry;                                  : loaded 2 times (x 69B)
Class org.gradle.api.internal.classpath.EffectiveClassPath                            : loaded 2 times (x 90B)
Class com.google.common.collect.ImmutableEnumMap                                      : loaded 2 times (x 126B)
Class org.gradle.api.internal.DefaultClassPathProvider                                : loaded 2 times (x 76B)
Class [Lorg.gradle.api.internal.ClassPathProvider;                                    : loaded 2 times (x 69B)
Class org.gradle.api.internal.ClassPathProvider                                       : loaded 2 times (x 70B)
Class com.google.common.cache.LocalCache$LocalLoadingCache                            : loaded 2 times (x 134B)
Class org.gradle.internal.service.UnknownServiceException                             : loaded 2 times (x 83B)
Class com.google.common.cache.LocalCache$Strength$1                                   : loaded 2 times (x 81B)
Class com.google.common.cache.LocalCache$Strength$2                                   : loaded 2 times (x 81B)
Class com.google.common.cache.LocalCache$Strength$3                                   : loaded 2 times (x 81B)
Class com.google.common.collect.MapDifference                                         : loaded 2 times (x 70B)
Class com.google.common.cache.CacheBuilder$NullListener                               : loaded 2 times (x 82B)
Class org.gradle.internal.classpath.TransformedClassPath                              : loaded 2 times (x 96B)
Class org.gradle.internal.classloader.InstrumentingClassLoader                        : loaded 2 times (x 70B)
Class com.google.common.cache.CacheLoader$FunctionToCacheLoader                       : loaded 2 times (x 75B)
Class com.google.common.collect.Iterators$ArrayItr                                    : loaded 2 times (x 97B)
Class com.google.common.collect.ImmutableCollection$Builder                           : loaded 2 times (x 76B)
Class ijKotlinCoroutineJvmDebugInit1_7u4dv29rb9e8e5kdwrya0xawn$_run_closure1$_closure2: loaded 2 times (x 139B)
Class com.google.common.base.MoreObjects                                              : loaded 2 times (x 71B)
Class com.google.common.collect.UnmodifiableIterator                                  : loaded 2 times (x 80B)
Class org.gradle.internal.service.ServiceLocator                                      : loaded 2 times (x 70B)
Class com.google.common.collect.SingletonImmutableBiMap                               : loaded 2 times (x 143B)
Class com.google.common.cache.LocalCache$1                                            : loaded 2 times (x 89B)
Class com.google.common.collect.AbstractMapEntry                                      : loaded 2 times (x 81B)
Class com.google.common.cache.LocalCache$2                                            : loaded 2 times (x 142B)
Class com.google.common.collect.RegularImmutableAsList                                : loaded 2 times (x 217B)
Class com.google.common.collect.Iterators                                             : loaded 2 times (x 71B)
Class com.google.common.util.concurrent.UncheckedExecutionException                   : loaded 2 times (x 82B)
Class org.gradle.kotlin.dsl.VersionCatalogAccessorsKt                                 : loaded 2 times (x 71B)
Class org.gradle.internal.InternalTransformer                                         : loaded 2 times (x 70B)
Class com.google.common.cache.CacheLoader$UnsupportedLoadingOperationException        : loaded 2 times (x 82B)
Class com.google.common.base.CharMatcher$And                                          : loaded 2 times (x 112B)
Class org.gradle.internal.classloader.ClasspathUtil$1                                 : loaded 2 times (x 76B)
Class com.google.common.collect.IndexedImmutableSet                                   : loaded 2 times (x 152B)
Class com.google.common.collect.ImmutableMap$1                                        : loaded 2 times (x 81B)
Class com.google.common.collect.BiMap                                                 : loaded 2 times (x 70B)
Class org.gradle.api.internal.classpath.DefaultModuleRegistry$DefaultModule           : loaded 2 times (x 86B)
Class com.google.common.collect.AbstractIterator                                      : loaded 2 times (x 82B)
Class com.google.common.collect.AbstractIndexedListIterator                           : loaded 2 times (x 96B)
Class com.google.common.math.MathPreconditions                                        : loaded 2 times (x 71B)
Class com.google.common.collect.ImmutableMapEntrySet                                  : loaded 2 times (x 152B)
Class ijKotlinCoroutineJvmDebugInit1_7u4dv29rb9e8e5kdwrya0xawn                        : loaded 2 times (x 179B)
Class org.gradle.api.internal.classpath.Module                                        : loaded 2 times (x 70B)
Class com.google.common.cache.Weigher                                                 : loaded 2 times (x 70B)
Class org.gradle.api.internal.classpath.UnknownModuleException                        : loaded 2 times (x 82B)
Class com.google.common.cache.LocalCache$Strength                                     : loaded 2 times (x 81B)
Class com.google.common.cache.Cache                                                   : loaded 2 times (x 70B)
Class com.google.common.collect.ImmutableMap$Builder                                  : loaded 2 times (x 82B)
Class com.google.common.cache.RemovalListener                                         : loaded 2 times (x 70B)
Class org.gradle.api.internal.DefaultClassPathRegistry                                : loaded 2 times (x 76B)
Class org.gradle.api.internal.ClassPathRegistry                                       : loaded 2 times (x 70B)
Class org.gradle.internal.classpath.DefaultClassPath$ImmutableUniqueList              : loaded 2 times (x 199B)
Class com.google.common.cache.CacheBuilder                                            : loaded 2 times (x 72B)
Class com.google.common.collect.SingletonImmutableList                                : loaded 2 times (x 207B)
Class com.google.common.base.PairwiseEquivalence                                      : loaded 2 times (x 83B)
Class Settings_gradle$1                                                               : loaded 2 times (x 74B)
Class org.gradle.internal.classpath.ClassPath                                         : loaded 2 times (x 70B)
Class org.gradle.api.UncheckedIOException                                             : loaded 2 times (x 82B)
Class com.google.common.collect.ImmutableList$ReverseImmutableList                    : loaded 2 times (x 209B)
Class com.google.common.base.Suppliers$SupplierOfInstance                             : loaded 2 times (x 79B)
Class com.google.common.collect.Iterators$1                                           : loaded 2 times (x 81B)
Class com.google.common.cache.LocalCache$ComputingValueReference                      : loaded 2 times (x 96B)
Class com.google.common.collect.SingletonImmutableSet                                 : loaded 2 times (x 146B)
Class com.google.common.collect.ImmutableMap$IteratorBasedImmutableMap                : loaded 2 times (x 126B)
Class com.google.common.cache.LocalCache$Segment                                      : loaded 2 times (x 154B)
Class com.google.common.cache.CacheLoader                                             : loaded 2 times (x 74B)
Class com.google.common.collect.Iterators$4                                           : loaded 2 times (x 82B)
Class com.google.common.collect.ImmutableBiMap                                        : loaded 2 times (x 143B)
Class org.gradle.internal.installation.GradleInstallation$1                           : loaded 2 times (x 75B)
Class org.gradle.api.internal.classpath.ModuleRegistry                                : loaded 2 times (x 70B)
Class com.google.common.collect.Iterators$5                                           : loaded 2 times (x 82B)
Class com.google.common.collect.ImmutableSet$JdkBackedSetBuilderImpl                  : loaded 2 times (x 76B)
Class com.google.common.cache.LocalCache$LocalManualCache$1                           : loaded 2 times (x 75B)
Class com.google.common.base.CharMatcher$ForPredicate                                 : loaded 2 times (x 112B)
Class com.google.common.base.CharMatcher$AnyOf                                        : loaded 2 times (x 112B)
Class com.google.common.collect.ImmutableCollection                                   : loaded 2 times (x 125B)
Class org.gradle.api.internal.classpath.DefaultModuleRegistry                         : loaded 2 times (x 86B)
Class com.google.common.cache.ReferenceEntry                                          : loaded 2 times (x 70B)
Class com.google.common.base.Converter                                                : loaded 2 times (x 90B)
Class com.google.common.collect.ImmutableSet$CachingAsList                            : loaded 2 times (x 148B)
Class com.google.common.base.FunctionalEquivalence                                    : loaded 2 times (x 83B)
Class com.google.common.collect.Iterators$9                                           : loaded 2 times (x 81B)
Class com.google.common.collect.ImmutableAsList                                       : loaded 2 times (x 209B)
Class com.google.common.cache.CacheLoader$SupplierToCacheLoader                       : loaded 2 times (x 75B)
Class com.google.common.collect.Maps$EntryTransformer                                 : loaded 2 times (x 70B)
Class org.gradle.internal.service.ServiceLookupException                              : loaded 2 times (x 82B)
Class [Lcom.google.common.cache.LocalCache$EntryFactory;                              : loaded 2 times (x 69B)
Class org.gradle.internal.classloader.ClassLoaderFactory                              : loaded 2 times (x 70B)
Class com.google.common.cache.LocalCache$LocalManualCache                             : loaded 2 times (x 99B)
Class com.google.common.base.CharMatcher$IsNot                                        : loaded 2 times (x 111B)
Class org.gradle.internal.service.CachingServiceLocator                               : loaded 2 times (x 82B)
Class com.google.common.math.IntMath                                                  : loaded 2 times (x 71B)
Class com.google.common.collect.ImmutableMapEntry                                     : loaded 2 times (x 85B)
Class ijJvmDebugger1_387ebz5p34fc4q7zq96t6ptb                                         : loaded 2 times (x 179B)
Class com.google.common.base.Equivalence                                              : loaded 2 times (x 82B)
Class com.google.common.base.Function                                                 : loaded 2 times (x 70B)
Class com.google.common.collect.ImmutableMapEntry$NonTerminalImmutableMapEntry        : loaded 2 times (x 85B)
Class com.google.common.cache.CacheBuilder$OneWeigher                                 : loaded 2 times (x 82B)
Class com.google.common.collect.RegularImmutableList                                  : loaded 2 times (x 213B)
Class org.gradle.internal.classloader.ClasspathUtil                                   : loaded 2 times (x 71B)
Class com.google.common.collect.Maps                                                  : loaded 2 times (x 71B)
Class org.gradle.api.specs.Spec                                                       : loaded 2 times (x 70B)
Class [Lcom.google.common.collect.ImmutableEntry;                                     : loaded 2 times (x 69B)
Class com.google.common.cache.LocalCache$LoadingValueReference                        : loaded 2 times (x 96B)
Class Build_gradle$1                                                                  : loaded 2 times (x 78B)
Class com.google.common.collect.Maps$8                                                : loaded 2 times (x 82B)
Class org.gradle.internal.classloader.VisitableURLClassLoader$InstrumentingVisitableURLClassLoader: loaded 2 times (x 123B)
Class [Lcom.google.common.cache.CacheBuilder$NullListener;                            : loaded 2 times (x 69B)
Class com.google.common.math.IntMath$1                                                : loaded 2 times (x 71B)
Class org.gradle.internal.classloader.VisitableURLClassLoader$Spec                    : loaded 2 times (x 74B)
Class org.gradle.internal.classpath.DefaultClassPath                                  : loaded 2 times (x 90B)
Class com.google.common.base.CharMatcher$Ascii                                        : loaded 2 times (x 112B)
Class com.google.common.base.CharMatcher$BitSetMatcher                                : loaded 2 times (x 112B)
Class com.google.common.collect.RegularImmutableMap$Values                            : loaded 2 times (x 207B)
Class com.google.common.collect.ImmutableSet                                          : loaded 2 times (x 145B)
Class org.gradle.internal.classloader.ClassLoaderSpec                                 : loaded 2 times (x 71B)
Class com.google.common.cache.CacheStats                                              : loaded 2 times (x 71B)
Class com.google.common.base.CharMatcher$Or                                           : loaded 2 times (x 112B)
Class Settings_gradle$1$1                                                             : loaded 2 times (x 74B)
Class com.google.common.base.Supplier                                                 : loaded 2 times (x 70B)
Class org.gradle.internal.classloader.VisitableURLClassLoader                         : loaded 2 times (x 117B)
Class Settings_gradle                                                                 : loaded 2 times (x 128B)
Class org.gradle.internal.Cast                                                        : loaded 2 times (x 71B)
Class org.gradle.api.Action                                                           : loaded 2 times (x 70B)
Class com.google.common.base.Ticker                                                   : loaded 2 times (x 72B)
Class com.google.common.base.CharMatcher$FastMatcher                                  : loaded 2 times (x 111B)
Class [Lcom.google.common.cache.LocalCache$Segment;                                   : loaded 2 times (x 69B)
Class [Lcom.google.common.cache.LocalCache$Strength;                                  : loaded 2 times (x 69B)
Class com.google.common.cache.CacheBuilder$1                                          : loaded 2 times (x 85B)
Class com.google.common.base.Predicate                                                : loaded 2 times (x 70B)
Class com.google.common.collect.ImmutableMap                                          : loaded 2 times (x 120B)
Class org.gradle.internal.classpath.DefaultClassPath$ImmutableUniqueList$Builder      : loaded 2 times (x 75B)
Class com.google.common.cache.LocalCache                                              : loaded 2 times (x 187B)
Class com.google.common.cache.CacheBuilder$2                                          : loaded 2 times (x 79B)
Class com.google.common.base.CharMatcher$NegatedFastMatcher                           : loaded 2 times (x 113B)
Class com.google.common.cache.CacheBuilder$3                                          : loaded 2 times (x 72B)
Class [Lcom.google.common.collect.AbstractMapEntry;                                   : loaded 2 times (x 69B)
Class com.google.common.collect.ImmutableEntry                                        : loaded 2 times (x 82B)
Class org.gradle.api.GradleException                                                  : loaded 2 times (x 82B)
Class com.google.common.collect.CollectPreconditions                                  : loaded 2 times (x 71B)
Class com.google.common.collect.SortedMapDifference                                   : loaded 2 times (x 70B)
Class com.google.common.cache.LocalCache$EntryFactory                                 : loaded 2 times (x 83B)
Class ijKotlinCoroutineJvmDebugInit1_7u4dv29rb9e8e5kdwrya0xawn$_run_closure1          : loaded 2 times (x 139B)
Class org.gradle.internal.IoActions                                                   : loaded 2 times (x 71B)
Class com.google.common.cache.CacheLoader$InvalidCacheLoadException                   : loaded 2 times (x 82B)
Class com.google.common.collect.ImmutableSet$RegularSetBuilderImpl                    : loaded 2 times (x 77B)
Class ijJvmDebugger1_387ebz5p34fc4q7zq96t6ptb$_run_closure1$_closure2                 : loaded 2 times (x 140B)
Class org.gradle.internal.classloader.SystemClassLoaderSpec                           : loaded 2 times (x 71B)
Class com.google.common.cache.LoadingCache                                            : loaded 2 times (x 70B)
Class [Lcom.google.common.cache.Weigher;                                              : loaded 2 times (x 69B)
Class com.google.common.collect.RegularImmutableMap$BucketOverflowException           : loaded 2 times (x 82B)
Class com.google.common.collect.RegularImmutableBiMap                                 : loaded 2 times (x 149B)
Class com.google.common.cache.LocalCache$ValueReference                               : loaded 2 times (x 70B)
Class com.google.common.base.CharMatcher$Negated                                      : loaded 2 times (x 113B)
Class com.google.common.base.CharMatcher$Is                                           : loaded 2 times (x 111B)
Class com.google.common.base.Equivalence$Equals                                       : loaded 2 times (x 82B)
Class com.google.common.collect.Hashing                                               : loaded 2 times (x 71B)
Class com.google.common.base.Preconditions                                            : loaded 2 times (x 71B)
Class com.google.common.base.CharMatcher                                              : loaded 2 times (x 111B)
Class com.google.common.collect.PeekingIterator                                       : loaded 2 times (x 70B)
Class com.google.common.cache.LocalCache$EntryFactory$1                               : loaded 2 times (x 83B)
Class [Lcom.google.common.cache.RemovalListener;                                      : loaded 2 times (x 69B)
Class com.google.common.base.CharMatcher$NamedFastMatcher                             : loaded 2 times (x 112B)
Class com.google.common.base.CharMatcher$1                                            : loaded 2 times (x 113B)
Class com.google.common.cache.LocalCache$EntryFactory$2                               : loaded 2 times (x 83B)
Class org.gradle.api.internal.classpath.GlobalCacheRootsProvider                      : loaded 2 times (x 70B)
Class com.google.common.cache.LocalCache$EntryFactory$3                               : loaded 2 times (x 83B)
Class com.google.common.base.Ticker$1                                                 : loaded 2 times (x 72B)
Class com.google.common.collect.Maps$BiMapConverter                                   : loaded 2 times (x 90B)
Class com.google.common.collect.ImmutableMapEntrySet$RegularEntrySet                  : loaded 2 times (x 152B)
Class com.google.common.cache.LocalCache$EntryFactory$4                               : loaded 2 times (x 83B)
Class com.google.common.base.CharMatcher$InRange                                      : loaded 2 times (x 111B)
Class com.google.common.collect.ImmutableSet$Builder                                  : loaded 2 times (x 85B)
Class ijJvmDebugger1_387ebz5p34fc4q7zq96t6ptb$_run_closure1                           : loaded 2 times (x 139B)
Class com.google.common.cache.LocalCache$EntryFactory$5                               : loaded 2 times (x 83B)
Class com.google.common.cache.LocalCache$EntryFactory$6                               : loaded 2 times (x 83B)
Class Build_gradle                                                                    : loaded 2 times (x 72B)
Class org.gradle.internal.installation.CurrentGradleInstallationLocator               : loaded 2 times (x 71B)
Class com.google.common.cache.LocalCache$EntryFactory$7                               : loaded 2 times (x 83B)
Class com.google.common.collect.ImmutableSet$EmptySetBuilderImpl                      : loaded 2 times (x 76B)
Class com.google.common.collect.ImmutableList                                         : loaded 2 times (x 206B)
Class org.gradle.internal.service.DefaultServiceLocator                               : loaded 2 times (x 83B)
Class com.google.common.cache.LocalCache$EntryFactory$8                               : loaded 2 times (x 83B)
Class com.google.common.collect.ImmutableSet$SetBuilderImpl                           : loaded 2 times (x 76B)
Class org.gradle.internal.installation.CurrentGradleInstallation                      : loaded 2 times (x 73B)
Class com.google.common.cache.CacheLoader$1                                           : loaded 2 times (x 75B)
Class com.google.common.collect.ImmutableList$SubList                                 : loaded 2 times (x 209B)
Class org.gradle.util.internal.GUtil                                                  : loaded 2 times (x 71B)
Class com.google.common.cache.AbstractCache$StatsCounter                              : loaded 2 times (x 70B)
Class com.google.common.collect.Iterators$MergingIterator                             : loaded 2 times (x 81B)
Class com.google.common.collect.RegularImmutableSet                                   : loaded 2 times (x 149B)
Class org.gradle.internal.installation.GradleInstallation                             : loaded 2 times (x 75B)
Class com.google.common.collect.Iterables                                             : loaded 2 times (x 71B)

---------------  S Y S T E M  ---------------

OS:
 Windows 11 , 64 bit Build 26100 (10.0.26100.8521)
OS uptime: 1 days 13:03 hours
Hyper-V role detected

CPU: total 4 (initial active 4) (4 cores per cpu, 2 threads per core) family 23 model 24 stepping 1 microcode 0x8108109, cx8, cmov, fxsr, ht, mmx, 3dnowpref, sse, sse2, sse3, ssse3, sse4a, sse4.1, sse4.2, popcnt, lzcnt, tsc, tscinvbit, avx, avx2, aes, clmul, bmi1, bmi2, adx, sha, fma, vzeroupper, clflush, clflushopt, hv, rdtscp, f16c
Processor Information for the first 4 processors :
  Max Mhz: 2600, Current Mhz: 2600, Mhz Limit: 2600

Memory: 4k page, system-wide physical 6094M (588M free)
TotalPageFile size 15572M (AvailPageFile size 5M)
current process WorkingSet (physical memory assigned to process): 312M, peak: 313M
current process commit charge ("private bytes"): 379M, peak: 382M

vm_info: OpenJDK 64-Bit Server VM (21.0.8+-14196175-b1038.72) for windows-amd64 JRE (21.0.8+-14196175-b1038.72), built on 2025-10-01T10:24:33Z by "builder" with MS VC++ 16.10 / 16.11 (VS2019)

END.
